[10:53:39] unfiXxx (f83bce0e-e670-3d7a-9e3f-db8bfd7f7bce): 1
[12:37:03] [ADS] Oldnan (25c5b072-06b8-3456-a50f-f0c7cbe94d31): <реклама>
[12:58:54] Tankbenz (e820dd45-715f-37fe-af18-45e671be3d37): unfiXxx сле в интернете сборку этого сервера
[12:58:59] Tankbenz (e820dd45-715f-37fe-af18-45e671be3d37): unfiXxx сле в интернете сборку этого сервера
[12:59:08] Tankbenz (e820dd45-715f-37fe-af18-45e671be3d37): unfiXxx сле в интернете сборку этого сервера
[12:59:11] unfiXxx (f83bce0e-e670-3d7a-9e3f-db8bfd7f7bce): Щас
[12:59:13] Tankbenz (e820dd45-715f-37fe-af18-45e671be3d37): unfiXxx сле в интернете сборку этого сервера
[15:44:49] unfiXxx (f83bce0e-e670-3d7a-9e3f-db8bfd7f7bce): ну привет
[15:44:54] WerTual (9d5d0cdc-d27b-342a-8edb-2d9d42237d7a): ky
[15:45:01] unfiXxx (f83bce0e-e670-3d7a-9e3f-db8bfd7f7bce): эт
[15:45:07] WerTual (9d5d0cdc-d27b-342a-8edb-2d9d42237d7a): ?
[15:45:12] unfiXxx (f83bce0e-e670-3d7a-9e3f-db8bfd7f7bce): Тут такое дело
[15:45:19] WerTual (9d5d0cdc-d27b-342a-8edb-2d9d42237d7a): какое
[15:45:23] unfiXxx (f83bce0e-e670-3d7a-9e3f-db8bfd7f7bce): насчёт прошлого
[15:45:42] unfiXxx (f83bce0e-e670-3d7a-9e3f-db8bfd7f7bce): сори, много лишнего я тогда наговорил
[15:45:51] unfiXxx (f83bce0e-e670-3d7a-9e3f-db8bfd7f7bce): возвращайся
[15:45:58] WerTual (9d5d0cdc-d27b-342a-8edb-2d9d42237d7a): ща
[15:46:09] WerTual (9d5d0cdc-d27b-342a-8edb-2d9d42237d7a): Я незнаю
[15:46:38] unfiXxx (f83bce0e-e670-3d7a-9e3f-db8bfd7f7bce): Бикон тоже должен вернутся
[15:46:44] WerTual (9d5d0cdc-d27b-342a-8edb-2d9d42237d7a): +
[15:46:51] unfiXxx (f83bce0e-e670-3d7a-9e3f-db8bfd7f7bce): так что?
[15:47:01] WerTual (9d5d0cdc-d27b-342a-8edb-2d9d42237d7a): Ну ок
[15:47:09] unfiXxx (f83bce0e-e670-3d7a-9e3f-db8bfd7f7bce): Рил?
[15:47:12] WerTual (9d5d0cdc-d27b-342a-8edb-2d9d42237d7a): Да
[15:47:13] unfiXxx (f83bce0e-e670-3d7a-9e3f-db8bfd7f7bce): без обид же?
[15:47:18] WerTual (9d5d0cdc-d27b-342a-8edb-2d9d42237d7a): да
[15:47:27] unfiXxx (f83bce0e-e670-3d7a-9e3f-db8bfd7f7bce): ещё раз прости
[15:47:40] WerTual (9d5d0cdc-d27b-342a-8edb-2d9d42237d7a): 1
[15:47:43] WerTual (9d5d0cdc-d27b-342a-8edb-2d9d42237d7a): спс
[15:47:59] unfiXxx (f83bce0e-e670-3d7a-9e3f-db8bfd7f7bce): Я обнову с китами пилю
[15:48:17] WerTual (9d5d0cdc-d27b-342a-8edb-2d9d42237d7a): вау
[15:48:20] unfiXxx (f83bce0e-e670-3d7a-9e3f-db8bfd7f7bce): :)
[15:48:21] WerTual (9d5d0cdc-d27b-342a-8edb-2d9d42237d7a): эт как?
[15:48:32] unfiXxx (f83bce0e-e670-3d7a-9e3f-db8bfd7f7bce): ./angels
[15:48:57] unfiXxx (f83bce0e-e670-3d7a-9e3f-db8bfd7f7bce): на спавне кейс
[15:49:38] WerTual (9d5d0cdc-d27b-342a-8edb-2d9d42237d7a): хех топ
[15:50:37] unfiXxx (f83bce0e-e670-3d7a-9e3f-db8bfd7f7bce): префиксы новые теперь
[15:50:58] unfiXxx (f83bce0e-e670-3d7a-9e3f-db8bfd7f7bce): киты как джете скоро сделаю
[15:50:59] WerTual (9d5d0cdc-d27b-342a-8edb-2d9d42237d7a): ля топ)
[15:51:46] unfiXxx (f83bce0e-e670-3d7a-9e3f-db8bfd7f7bce): я пойду плагин делать
[15:51:51] WerTual (9d5d0cdc-d27b-342a-8edb-2d9d42237d7a): ok
[16:00:00] WerTual (9d5d0cdc-d27b-342a-8edb-2d9d42237d7a):  Donbicon_ ky
[16:00:05] Donbicon_ (cb4480bd-b221-37ef-8527-1c0f30bbea76):  q
[16:00:16] unfiXxx (f83bce0e-e670-3d7a-9e3f-db8bfd7f7bce): q
[16:00:26] Donbicon_ (cb4480bd-b221-37ef-8527-1c0f30bbea76): q
[16:00:47] Donbicon_ (cb4480bd-b221-37ef-8527-1c0f30bbea76): лёл
[16:00:53] unfiXxx (f83bce0e-e670-3d7a-9e3f-db8bfd7f7bce): решился?)
[16:01:30] Donbicon_ (cb4480bd-b221-37ef-8527-1c0f30bbea76): да
[16:01:44] unfiXxx (f83bce0e-e670-3d7a-9e3f-db8bfd7f7bce): и?)
[16:03:08] Donbicon_ (cb4480bd-b221-37ef-8527-1c0f30bbea76): ой
[16:03:15] Donbicon_ (cb4480bd-b221-37ef-8527-1c0f30bbea76): а тут борьер стоял?
[16:04:24] unfiXxx (f83bce0e-e670-3d7a-9e3f-db8bfd7f7bce): где?
[16:04:35] unfiXxx (f83bce0e-e670-3d7a-9e3f-db8bfd7f7bce): нет
[16:04:37] Donbicon_ (cb4480bd-b221-37ef-8527-1c0f30bbea76): ааа
[16:04:39] Donbicon_ (cb4480bd-b221-37ef-8527-1c0f30bbea76): лкей
[16:04:42] Donbicon_ (cb4480bd-b221-37ef-8527-1c0f30bbea76): окей
[16:05:54] Donbicon_ (cb4480bd-b221-37ef-8527-1c0f30bbea76): ахаххаха
[16:05:55] Donbicon_ (cb4480bd-b221-37ef-8527-1c0f30bbea76): как?
[16:06:04] WerTual (9d5d0cdc-d27b-342a-8edb-2d9d42237d7a): УПАЛ
[16:06:07] Donbicon_ (cb4480bd-b221-37ef-8527-1c0f30bbea76): ))В
[16:07:03] Donbicon_ (cb4480bd-b221-37ef-8527-1c0f30bbea76): 1
[16:07:19] unfiXxx (f83bce0e-e670-3d7a-9e3f-db8bfd7f7bce): не меняй префиксы
[16:07:41] Donbicon_ (cb4480bd-b221-37ef-8527-1c0f30bbea76):  почему?
[16:07:57] unfiXxx (f83bce0e-e670-3d7a-9e3f-db8bfd7f7bce): ну ты же админом хочешь быть
[16:11:24] WerTual (9d5d0cdc-d27b-342a-8edb-2d9d42237d7a): хех
[16:12:25] WerTual (9d5d0cdc-d27b-342a-8edb-2d9d42237d7a): 1
[16:19:30] WerTual (9d5d0cdc-d27b-342a-8edb-2d9d42237d7a): 1
[16:20:40] [ADS] testt (3f645540-85ce-3386-84c1-8cb975c71c8f): <реклама>
[16:30:03] WerTual (9d5d0cdc-d27b-342a-8edb-2d9d42237d7a): Унфикс
[16:31:17] testt (3f645540-85ce-3386-84c1-8cb975c71c8f):  Модер
[16:31:22] WerTual (9d5d0cdc-d27b-342a-8edb-2d9d42237d7a): да
[16:31:40] testt (3f645540-85ce-3386-84c1-8cb975c71c8f): а чё у тя клан не пишется ?
[16:31:47] WerTual (9d5d0cdc-d27b-342a-8edb-2d9d42237d7a): хз
[16:32:07] WerTual (9d5d0cdc-d27b-342a-8edb-2d9d42237d7a): все
[16:33:31] Dark_volk_top (0d9672de-fdd8-3ecd-bcaa-64e16aaf6a7b):  ку ал
[16:33:34] Donbicon_ (cb4480bd-b221-37ef-8527-1c0f30bbea76): q
[16:33:35] WerTual (9d5d0cdc-d27b-342a-8edb-2d9d42237d7a): q
[16:33:39] _LeLennox_ (ec545db7-405f-3a00-aa15-154a93e2587f): q
[16:33:50] Dark_volk_top (0d9672de-fdd8-3ecd-bcaa-64e16aaf6a7b):  чтооо??? ета ежедневно вайпи?
[16:34:38] Dark_volk_top (0d9672de-fdd8-3ecd-bcaa-64e16aaf6a7b):  ваше все поменяли?
[16:36:37] [SWEAR] _LeLennox_ (ec545db7-405f-3a00-aa15-154a93e2587f): Идите <мат>
[16:37:35] WerTual (9d5d0cdc-d27b-342a-8edb-2d9d42237d7a): 1/angels
[16:40:14] WerTual (9d5d0cdc-d27b-342a-8edb-2d9d42237d7a): 1/ekit top
[16:41:06] Donbicon_ (cb4480bd-b221-37ef-8527-1c0f30bbea76):  всем bb
[16:41:09] WerTual (9d5d0cdc-d27b-342a-8edb-2d9d42237d7a): bb
[16:41:16] Dark_volk_top (0d9672de-fdd8-3ecd-bcaa-64e16aaf6a7b):  bb all
[16:52:31] WerTual (9d5d0cdc-d27b-342a-8edb-2d9d42237d7a): q
[16:52:40] Dark_volk_top (0d9672de-fdd8-3ecd-bcaa-64e16aaf6a7b): ку
[16:53:04] Dark_volk_top (0d9672de-fdd8-3ecd-bcaa-64e16aaf6a7b): p
[16:53:15] WerTual (9d5d0cdc-d27b-342a-8edb-2d9d42237d7a): kt
[16:53:28] Dark_volk_top (0d9672de-fdd8-3ecd-bcaa-64e16aaf6a7b): OK4
[16:55:06] Dark_volk_top (0d9672de-fdd8-3ecd-bcaa-64e16aaf6a7b): f\
[16:56:31] Dark_volk_top (0d9672de-fdd8-3ecd-bcaa-64e16aaf6a7b): ппинг 3к
[16:56:34] Dark_volk_top (0d9672de-fdd8-3ecd-bcaa-64e16aaf6a7b): что делать
[16:56:38] WerTual (9d5d0cdc-d27b-342a-8edb-2d9d42237d7a): хз
[16:56:44] Dark_volk_top (0d9672de-fdd8-3ecd-bcaa-64e16aaf6a7b): у меня уже 3 дня так
[16:56:52] WerTual (9d5d0cdc-d27b-342a-8edb-2d9d42237d7a): у меня 137
[16:57:54] Dark_volk_top (0d9672de-fdd8-3ecd-bcaa-64e16aaf6a7b): что делать
[16:57:59] WerTual (9d5d0cdc-d27b-342a-8edb-2d9d42237d7a): хз
[16:58:06] Dark_volk_top (0d9672de-fdd8-3ecd-bcaa-64e16aaf6a7b): что делать
[16:58:14] Dark_volk_top (0d9672de-fdd8-3ecd-bcaa-64e16aaf6a7b): у же 3 дня как играть4
[16:58:29] Dark_volk_top (0d9672de-fdd8-3ecd-bcaa-64e16aaf6a7b): у же 3 дня как играть4
[16:58:30] Donbicon_ (cb4480bd-b221-37ef-8527-1c0f30bbea76): crate give V Angels 10
[16:58:33] Dark_volk_top (0d9672de-fdd8-3ecd-bcaa-64e16aaf6a7b):  дон
[16:58:39] Donbicon_ (cb4480bd-b221-37ef-8527-1c0f30bbea76):  ?
[16:59:07] Dark_volk_top (0d9672de-fdd8-3ecd-bcaa-64e16aaf6a7b):  скажи что делать у меня пинг 3-10к уже 3 дня как играть?
[16:59:28] Donbicon_ (cb4480bd-b221-37ef-8527-1c0f30bbea76):  я низнаю если честно
[16:59:36] Dark_volk_top (0d9672de-fdd8-3ecd-bcaa-64e16aaf6a7b): БЛ
[16:59:48] Donbicon_ (cb4480bd-b221-37ef-8527-1c0f30bbea76):  возможно это что то с твоим провайдером
[17:00:00] Dark_volk_top (0d9672de-fdd8-3ecd-bcaa-64e16aaf6a7b):  а что ета такое)))
[17:00:06] Donbicon_ (cb4480bd-b221-37ef-8527-1c0f30bbea76):  провайдер?
[17:00:09] Dark_volk_top (0d9672de-fdd8-3ecd-bcaa-64e16aaf6a7b): да
[17:00:54] Donbicon_ (cb4480bd-b221-37ef-8527-1c0f30bbea76):  Интернет-прова́йдер — организация, предоставляющая услуги доступа к сети Интернет и иные связанные с Интернетом услуги. К основным услугам интернет провайдеров относятся: широкополосный доступ в Интернет
[17:01:33] Dark_volk_top (0d9672de-fdd8-3ecd-bcaa-64e16aaf6a7b):  а как ево настроить?
[17:04:28] Dark_volk_top (0d9672de-fdd8-3ecd-bcaa-64e16aaf6a7b):  а как ево настроить?
[17:04:36] Dark_volk_top (0d9672de-fdd8-3ecd-bcaa-64e16aaf6a7b):  а как ево настроить? скижите благаю
[17:04:58] WerTual (9d5d0cdc-d27b-342a-8edb-2d9d42237d7a): Посмотри в инете
[17:05:11] Dark_volk_top (0d9672de-fdd8-3ecd-bcaa-64e16aaf6a7b):  всм в рорвет?
[17:05:16] Dark_volk_top (0d9672de-fdd8-3ecd-bcaa-64e16aaf6a7b):  всм в ровтер
[17:05:46] Donbicon_ (cb4480bd-b221-37ef-8527-1c0f30bbea76):  это неполадки на сервере где находиться твой провайдер
[17:06:00] Dark_volk_top (0d9672de-fdd8-3ecd-bcaa-64e16aaf6a7b):  что?
[17:06:16] Donbicon_ (cb4480bd-b221-37ef-8527-1c0f30bbea76):  это скоро пофиксят
[17:06:49] Dark_volk_top (0d9672de-fdd8-3ecd-bcaa-64e16aaf6a7b):  не у меня на всех cristalix jetmine moonpixel VimeWorld
[17:22:30] WerTual (9d5d0cdc-d27b-342a-8edb-2d9d42237d7a): 1
[17:27:04] Dark_volk_top (0d9672de-fdd8-3ecd-bcaa-64e16aaf6a7b):  ку
[17:27:11] WerTual (9d5d0cdc-d27b-342a-8edb-2d9d42237d7a): q
[17:27:23] WerTual (9d5d0cdc-d27b-342a-8edb-2d9d42237d7a): q
[17:27:57] Dark_volk_top (0d9672de-fdd8-3ecd-bcaa-64e16aaf6a7b):  f
[17:28:08] Dark_volk_top (0d9672de-fdd8-3ecd-bcaa-64e16aaf6a7b):  БЛЛЛЛЛЛЛЛ 2к пинг
[17:30:31] Dark_volk_top (0d9672de-fdd8-3ecd-bcaa-64e16aaf6a7b):  тп чек"
[17:30:34] Dark_volk_top (0d9672de-fdd8-3ecd-bcaa-64e16aaf6a7b):  тп чек"!
[17:30:44] WerTual (9d5d0cdc-d27b-342a-8edb-2d9d42237d7a): 1/tpo
[17:31:53] WerTual (9d5d0cdc-d27b-342a-8edb-2d9d42237d7a): что?
[17:32:23] Dark_volk_top (0d9672de-fdd8-3ecd-bcaa-64e16aaf6a7b): о5
[17:32:34] Dark_volk_top (0d9672de-fdd8-3ecd-bcaa-64e16aaf6a7b): чек
[17:36:18] Donbicon_ (cb4480bd-b221-37ef-8527-1c0f30bbea76): crate give V DonatCase 10
[18:40:57] Donbicon_ (cb4480bd-b221-37ef-8527-1c0f30bbea76): 1
[18:40:58] Donbicon_ (cb4480bd-b221-37ef-8527-1c0f30bbea76): 1
[18:40:59] Donbicon_ (cb4480bd-b221-37ef-8527-1c0f30bbea76): 1
[18:40:59] Donbicon_ (cb4480bd-b221-37ef-8527-1c0f30bbea76): 1
[18:47:54] Donbicon_ (cb4480bd-b221-37ef-8527-1c0f30bbea76): 1
[18:51:59] Donbicon_ (cb4480bd-b221-37ef-8527-1c0f30bbea76): 1
[19:41:43] unfiXxx (f83bce0e-e670-3d7a-9e3f-db8bfd7f7bce): 1
[19:48:10] chelo (e5005d00-e663-3cec-a558-ca7000a1d076): q
[21:01:11] JustStudio (30546454-ed3c-3869-ae72-babbdd46ab0c): хелоу
[21:01:19] Donbicon_ (cb4480bd-b221-37ef-8527-1c0f30bbea76): q
[22:11:20] WerTual (9d5d0cdc-d27b-342a-8edb-2d9d42237d7a): 1
[22:11:40] WerTual (9d5d0cdc-d27b-342a-8edb-2d9d42237d7a): 1
[22:12:00] WerTual (9d5d0cdc-d27b-342a-8edb-2d9d42237d7a): 1
[22:12:29] WerTual (9d5d0cdc-d27b-342a-8edb-2d9d42237d7a): 1
[22:12:53] Razer_Adam (47f1fa5a-2258-318e-bfd4-9eb74cc11009):  все тп кто пвп
[22:17:27] Razer_Adam (47f1fa5a-2258-318e-bfd4-9eb74cc11009): алмазы дай
[22:29:13] WerTual (9d5d0cdc-d27b-342a-8edb-2d9d42237d7a): 1
[22:31:32] Razer_Adam (47f1fa5a-2258-318e-bfd4-9eb74cc11009):  я знаю что ты на серваке
[23:11:27] _DIBILLO_ (894753f3-eac8-378d-b70a-ec8f04a1e36e): 1
[23:11:30] _DIBILLO_ (894753f3-eac8-378d-b70a-ec8f04a1e36e): 1
[23:12:34] _DIBILLO_ (894753f3-eac8-378d-b70a-ec8f04a1e36e):  donbicon
[23:12:49] Donbicon_ (cb4480bd-b221-37ef-8527-1c0f30bbea76): ?
[23:13:08] _DIBILLO_ (894753f3-eac8-378d-b70a-ec8f04a1e36e): можешь чекнуть заявку в Модераторы?
[23:13:15] Donbicon_ (cb4480bd-b221-37ef-8527-1c0f30bbea76):  окей
[23:13:29] _DIBILLO_ (894753f3-eac8-378d-b70a-ec8f04a1e36e): и дай ответ сегодня пожалуйста.
[23:13:38] _DIBILLO_ (894753f3-eac8-378d-b70a-ec8f04a1e36e): тут, или в лс.
[23:13:46] Donbicon_ (cb4480bd-b221-37ef-8527-1c0f30bbea76):  насчет сегодня низнаю
[23:13:50] Donbicon_ (cb4480bd-b221-37ef-8527-1c0f30bbea76):  возможно завтра
[23:14:22] Donbicon_ (cb4480bd-b221-37ef-8527-1c0f30bbea76): стас адмиралов ты?
[23:14:29] _DIBILLO_ (894753f3-eac8-378d-b70a-ec8f04a1e36e): да.
[23:15:25] Donbicon_ (cb4480bd-b221-37ef-8527-1c0f30bbea76):  завтра пойдем в дискор на совещяние
[23:15:28] Donbicon_ (cb4480bd-b221-37ef-8527-1c0f30bbea76):  напишу в вк
[23:15:44] _DIBILLO_ (894753f3-eac8-378d-b70a-ec8f04a1e36e): если смогу, честно.
[23:15:52] _DIBILLO_ (894753f3-eac8-378d-b70a-ec8f04a1e36e): сможешь на исп. срок взять?
[23:16:11] Donbicon_ (cb4480bd-b221-37ef-8527-1c0f30bbea76):  нет
[23:17:00] Donbicon_ (cb4480bd-b221-37ef-8527-1c0f30bbea76):  все давай,дискорд свой напишешь я позвоню
[23:17:05] Donbicon_ (cb4480bd-b221-37ef-8527-1c0f30bbea76): пока
[23:17:07] _DIBILLO_ (894753f3-eac8-378d-b70a-ec8f04a1e36e): хорошо.
