[17:02:46] unfiXxx (f83bce0e-e670-3d7a-9e3f-db8bfd7f7bce): 1
[17:06:22] MankaGrief (954f8290-87b2-3f3f-be8e-82132bcf5b40): Привет
[17:06:30] unfiXxx (f83bce0e-e670-3d7a-9e3f-db8bfd7f7bce): Хай
[17:06:36] MankaGrief (954f8290-87b2-3f3f-be8e-82132bcf5b40): Я обыч игрок
[17:07:05] unfiXxx (f83bce0e-e670-3d7a-9e3f-db8bfd7f7bce): удивил
[17:07:07] unfiXxx (f83bce0e-e670-3d7a-9e3f-db8bfd7f7bce): :)
[17:07:17] MankaGrief (954f8290-87b2-3f3f-be8e-82132bcf5b40): ВСм
[17:07:19] MankaGrief (954f8290-87b2-3f3f-be8e-82132bcf5b40): Ааа
[17:07:23] MankaGrief (954f8290-87b2-3f3f-be8e-82132bcf5b40): А поч не мун
[17:07:37] unfiXxx (f83bce0e-e670-3d7a-9e3f-db8bfd7f7bce): потому что мун 555
[17:07:47] unfiXxx (f83bce0e-e670-3d7a-9e3f-db8bfd7f7bce): Жирно слишком)
[17:08:04] MankaGrief (954f8290-87b2-3f3f-be8e-82132bcf5b40): Ну пожалуста я буду помогать серверу обезаю
[17:09:04] unfiXxx (f83bce0e-e670-3d7a-9e3f-db8bfd7f7bce): Купи мун, будет лучшая помощь :)
[17:09:23] MankaGrief (954f8290-87b2-3f3f-be8e-82132bcf5b40): Денег нету
[17:10:24] MankaGrief (954f8290-87b2-3f3f-be8e-82132bcf5b40): Аляль я привелегии не могу выдавать а раньше мог
[17:11:21] MankaGrief (954f8290-87b2-3f3f-be8e-82132bcf5b40): Может проверишь?)
[17:14:01] MankaGrief (954f8290-87b2-3f3f-be8e-82132bcf5b40):  un
[17:14:05] MankaGrief (954f8290-87b2-3f3f-be8e-82132bcf5b40):  РУслан
[17:15:07] MankaGrief (954f8290-87b2-3f3f-be8e-82132bcf5b40):  РУслан
[17:15:17] unfiXxx (f83bce0e-e670-3d7a-9e3f-db8bfd7f7bce): Что?
[17:15:23] MankaGrief (954f8290-87b2-3f3f-be8e-82132bcf5b40): Проверишь
[17:15:32] unfiXxx (f83bce0e-e670-3d7a-9e3f-db8bfd7f7bce): что проверишь?
[17:15:37] MankaGrief (954f8290-87b2-3f3f-be8e-82132bcf5b40): заяву
[17:15:47] unfiXxx (f83bce0e-e670-3d7a-9e3f-db8bfd7f7bce): давно проверил
[17:16:02] MankaGrief (954f8290-87b2-3f3f-be8e-82132bcf5b40): А в дс
[17:16:03] unfiXxx (f83bce0e-e670-3d7a-9e3f-db8bfd7f7bce): Ответ ясен?
[17:18:46] MankaGrief (954f8290-87b2-3f3f-be8e-82132bcf5b40): лан я пошел скучно слишком
[18:25:30] YT_Diper_YT (7cb866f0-0851-3d1c-bdc0-851a4c68d1fb): дорова
[18:25:33] unfiXxx (f83bce0e-e670-3d7a-9e3f-db8bfd7f7bce): Хай
[18:25:37] KH9I3b (f6d90168-683a-36ab-9fc6-3b8cdf2fbcef):  q
[18:25:42] YT_Diper_YT (7cb866f0-0851-3d1c-bdc0-851a4c68d1fb): шо це где ютайберка )
[18:25:51] YT_Diper_YT (7cb866f0-0851-3d1c-bdc0-851a4c68d1fb): аааааааааааааааааааааааа
[18:25:54] KH9I3b (f6d90168-683a-36ab-9fc6-3b8cdf2fbcef):  заявки в кп,какой срок?
[18:25:54] YT_Diper_YT (7cb866f0-0851-3d1c-bdc0-851a4c68d1fb): воо
[18:26:13] YT_Diper_YT (7cb866f0-0851-3d1c-bdc0-851a4c68d1fb): ты опять вайп сделал )
[18:26:20] unfiXxx (f83bce0e-e670-3d7a-9e3f-db8bfd7f7bce): Ага)
[18:26:21] YT_Diper_YT (7cb866f0-0851-3d1c-bdc0-851a4c68d1fb): надоел
[18:26:25] YT_Diper_YT (7cb866f0-0851-3d1c-bdc0-851a4c68d1fb): я ток развился
[18:26:29] unfiXxx (f83bce0e-e670-3d7a-9e3f-db8bfd7f7bce): Эт последний
[18:26:39] KH9I3b (f6d90168-683a-36ab-9fc6-3b8cdf2fbcef): а мне хелперку?xd
[18:26:39] YT_Diper_YT (7cb866f0-0851-3d1c-bdc0-851a4c68d1fb): какие у меня есть команды
[18:26:52] unfiXxx (f83bce0e-e670-3d7a-9e3f-db8bfd7f7bce): Все команды moon без /grant
[18:27:14] YT_Diper_YT (7cb866f0-0851-3d1c-bdc0-851a4c68d1fb): а кит )
[18:27:23] unfiXxx (f83bce0e-e670-3d7a-9e3f-db8bfd7f7bce): Кит ютабера
[18:27:50] YT_Diper_YT (7cb866f0-0851-3d1c-bdc0-851a4c68d1fb): как его получить?
[18:27:59] YT_Diper_YT (7cb866f0-0851-3d1c-bdc0-851a4c68d1fb): гоу пвп
[18:28:05] unfiXxx (f83bce0e-e670-3d7a-9e3f-db8bfd7f7bce): ща
[18:30:15] KH9I3b (f6d90168-683a-36ab-9fc6-3b8cdf2fbcef):  лоль
[18:30:23] unfiXxx (f83bce0e-e670-3d7a-9e3f-db8bfd7f7bce): Го
[18:30:23] KH9I3b (f6d90168-683a-36ab-9fc6-3b8cdf2fbcef):  а у вас боты есть?
[18:30:34] unfiXxx (f83bce0e-e670-3d7a-9e3f-db8bfd7f7bce): Зачем?
[18:30:39] KH9I3b (f6d90168-683a-36ab-9fc6-3b8cdf2fbcef):  бот
[18:30:44] YT_Diper_YT (7cb866f0-0851-3d1c-bdc0-851a4c68d1fb): какая команда
[18:30:46] unfiXxx (f83bce0e-e670-3d7a-9e3f-db8bfd7f7bce): Ну бот ВК
[18:30:54] KH9I3b (f6d90168-683a-36ab-9fc6-3b8cdf2fbcef):  а в игре?
[18:31:01] unfiXxx (f83bce0e-e670-3d7a-9e3f-db8bfd7f7bce): нету
[18:31:12] YT_Diper_YT (7cb866f0-0851-3d1c-bdc0-851a4c68d1fb): гоу пвп
[18:31:21] KH9I3b (f6d90168-683a-36ab-9fc6-3b8cdf2fbcef):  лол,тогда кто-то комне тепнулся и летел по спедом 10000
[18:31:26] YT_Diper_YT (7cb866f0-0851-3d1c-bdc0-851a4c68d1fb): ща погодь
[18:31:42] KH9I3b (f6d90168-683a-36ab-9fc6-3b8cdf2fbcef):  aijulj ник
[18:31:56] KH9I3b (f6d90168-683a-36ab-9fc6-3b8cdf2fbcef):  ударь моба,он появиться
[18:32:06] unfiXxx (f83bce0e-e670-3d7a-9e3f-db8bfd7f7bce): Это анти-чит)
[18:32:12] KH9I3b (f6d90168-683a-36ab-9fc6-3b8cdf2fbcef): 0_o
[18:32:16] YT_Diper_YT (7cb866f0-0851-3d1c-bdc0-851a4c68d1fb): с бафами
[18:32:22] KH9I3b (f6d90168-683a-36ab-9fc6-3b8cdf2fbcef):  пониль приниль xd
[18:33:05] KH9I3b (f6d90168-683a-36ab-9fc6-3b8cdf2fbcef):  ни че незнаю,гони хелперку.
[18:33:11] YT_Diper_YT (7cb866f0-0851-3d1c-bdc0-851a4c68d1fb):  хех
[18:33:15] KH9I3b (f6d90168-683a-36ab-9fc6-3b8cdf2fbcef):  xd
[18:33:19] YT_Diper_YT (7cb866f0-0851-3d1c-bdc0-851a4c68d1fb): гоу?
[18:33:21] KH9I3b (f6d90168-683a-36ab-9fc6-3b8cdf2fbcef):  может прокатит)
[18:33:36] YT_Diper_YT (7cb866f0-0851-3d1c-bdc0-851a4c68d1fb): убери меню
[18:36:08] KH9I3b (f6d90168-683a-36ab-9fc6-3b8cdf2fbcef):  скок на скок приватит обч.игрок?
[18:41:03] KH9I3b (f6d90168-683a-36ab-9fc6-3b8cdf2fbcef):  ляяя меню ппц мешает..
[18:42:27] YT_Diper_YT (7cb866f0-0851-3d1c-bdc0-851a4c68d1fb):  уууууууууууу
[18:42:29] unfiXxx (f83bce0e-e670-3d7a-9e3f-db8bfd7f7bce): :(
[18:42:54] KH9I3b (f6d90168-683a-36ab-9fc6-3b8cdf2fbcef): ?
[18:43:24] YT_Diper_YT (7cb866f0-0851-3d1c-bdc0-851a4c68d1fb):  -unfix
[18:43:26] YT_Diper_YT (7cb866f0-0851-3d1c-bdc0-851a4c68d1fb):  )
[18:43:30] KH9I3b (f6d90168-683a-36ab-9fc6-3b8cdf2fbcef):  го я пвп)\
[18:44:13] KH9I3b (f6d90168-683a-36ab-9fc6-3b8cdf2fbcef): тут ваще онлайн есть?
[18:44:25] unfiXxx (f83bce0e-e670-3d7a-9e3f-db8bfd7f7bce): Днём есть
[18:44:32] KH9I3b (f6d90168-683a-36ab-9fc6-3b8cdf2fbcef): скок?
[18:44:47] KH9I3b (f6d90168-683a-36ab-9fc6-3b8cdf2fbcef): 0_o
[18:45:53] KH9I3b (f6d90168-683a-36ab-9fc6-3b8cdf2fbcef):  кста тут у вас freecam робит
[18:46:08] unfiXxx (f83bce0e-e670-3d7a-9e3f-db8bfd7f7bce): его никак не пофиксить(
[18:46:24] KH9I3b (f6d90168-683a-36ab-9fc6-3b8cdf2fbcef):  оч хорошо прям робит,прикинь он даж на джете the best робит)))
[18:46:33] KH9I3b (f6d90168-683a-36ab-9fc6-3b8cdf2fbcef):  за то,+хелперам.
[18:46:36] unfiXxx (f83bce0e-e670-3d7a-9e3f-db8bfd7f7bce): Я знаю)
[18:46:48] KH9I3b (f6d90168-683a-36ab-9fc6-3b8cdf2fbcef):  типо кайф следят ща читаком
[18:47:03] KH9I3b (f6d90168-683a-36ab-9fc6-3b8cdf2fbcef):  какие права у хелпера?
[18:47:28] unfiXxx (f83bce0e-e670-3d7a-9e3f-db8bfd7f7bce): мут,кик и все права moon без /grant
[18:53:42] MankaGrief (954f8290-87b2-3f3f-be8e-82132bcf5b40): ОО пурвет
[18:54:12] MankaGrief (954f8290-87b2-3f3f-be8e-82132bcf5b40): Ну выдай
[19:34:19] testt (3f645540-85ce-3386-84c1-8cb975c71c8f): во
