[09:13:50] Artiko123 (efbdc9cc-f8b1-30fb-aed2-e0931d43d7e5): t
[11:01:53] Artiko123 (efbdc9cc-f8b1-30fb-aed2-e0931d43d7e5): t
[11:04:34] Artiko123 (efbdc9cc-f8b1-30fb-aed2-e0931d43d7e5): ванишь?
[11:18:35] Alexey_Vilnusov (125a47a5-b8b4-33d3-90e3-941b4c020310):  qq all
[11:22:54] Alexey_Vilnusov (125a47a5-b8b4-33d3-90e3-941b4c020310): 1
[11:23:10] Alexey_Vilnusov (125a47a5-b8b4-33d3-90e3-941b4c020310): 1
[11:23:11] unfiXxx (f83bce0e-e670-3d7a-9e3f-db8bfd7f7bce): Валерий Альбертович
[11:26:18] Alexey_Vilnusov (125a47a5-b8b4-33d3-90e3-941b4c020310): 1
[11:26:26] Alexey_Vilnusov (125a47a5-b8b4-33d3-90e3-941b4c020310): 1
[11:27:59] Alexey_Vilnusov (125a47a5-b8b4-33d3-90e3-941b4c020310): 1
[11:31:43] _DIBILLO_ (894753f3-eac8-378d-b70a-ec8f04a1e36e): дай кирку топовую умаляюю
[11:31:56] _DIBILLO_ (894753f3-eac8-378d-b70a-ec8f04a1e36e): (
[11:32:02] unfiXxx (f83bce0e-e670-3d7a-9e3f-db8bfd7f7bce): :(
[11:32:23] _DIBILLO_ (894753f3-eac8-378d-b70a-ec8f04a1e36e): ну плез(
[11:32:37] unfiXxx (f83bce0e-e670-3d7a-9e3f-db8bfd7f7bce): на аукционе будет когда нибудь
[11:32:49] _DIBILLO_ (894753f3-eac8-378d-b70a-ec8f04a1e36e): выложи(
[11:33:14] unfiXxx (f83bce0e-e670-3d7a-9e3f-db8bfd7f7bce): Выложил
[11:33:45] Artiko123 (efbdc9cc-f8b1-30fb-aed2-e0931d43d7e5): дадова
[11:36:12] _DIBILLO_ (894753f3-eac8-378d-b70a-ec8f04a1e36e):  unfixxx
[11:36:19] _DIBILLO_ (894753f3-eac8-378d-b70a-ec8f04a1e36e):  unfiXxx
[11:36:31] unfiXxx (f83bce0e-e670-3d7a-9e3f-db8bfd7f7bce): Что?
[11:36:40] _DIBILLO_ (894753f3-eac8-378d-b70a-ec8f04a1e36e): дб в клан
[11:37:03] _DIBILLO_ (894753f3-eac8-378d-b70a-ec8f04a1e36e): 1
[11:37:59] _DIBILLO_ (894753f3-eac8-378d-b70a-ec8f04a1e36e): artiko
[11:38:03] Artiko123 (efbdc9cc-f8b1-30fb-aed2-e0931d43d7e5): да
[11:38:12] _DIBILLO_ (894753f3-eac8-378d-b70a-ec8f04a1e36e): го вместе выжывать?
[11:38:21] _DIBILLO_ (894753f3-eac8-378d-b70a-ec8f04a1e36e): почему?
[11:39:14] _DIBILLO_ (894753f3-eac8-378d-b70a-ec8f04a1e36e): Artiko
[11:39:24] _DIBILLO_ (894753f3-eac8-378d-b70a-ec8f04a1e36e): тп ко мне я приючу
[11:39:46] _DIBILLO_ (894753f3-eac8-378d-b70a-ec8f04a1e36e): тп ко мне я приючу
[11:41:07] _DIBILLO_ (894753f3-eac8-378d-b70a-ec8f04a1e36e):  unfiXxx
[11:41:57] _DIBILLO_ (894753f3-eac8-378d-b70a-ec8f04a1e36e):  мне вчера Dobicon говорил что сегодня обговорим, я кидал ссылку на Модератора, сейчас он не отвечает.
[11:41:59] _DIBILLO_ (894753f3-eac8-378d-b70a-ec8f04a1e36e):  мне вчера Dobicon говорил что сегодня обговорим, я кидал ссылку на Модератора, сейчас он не отвечает.
[11:55:08] _DIBILLO_ (894753f3-eac8-378d-b70a-ec8f04a1e36e):  unfiXxx
[11:55:29] _DIBILLO_ (894753f3-eac8-378d-b70a-ec8f04a1e36e): дай пажалуйста стак опыта и чучуть лазурита(
[13:00:12] turikhnax (c762e72e-32f7-3bd8-baad-f6202c899a57): t
[13:01:15] [SWEAR] turikhnax (c762e72e-32f7-3bd8-baad-f6202c899a57):  unfix <мат>
[13:01:15] _DIBILLO_ (894753f3-eac8-378d-b70a-ec8f04a1e36e): ?
[13:01:24] turikhnax (c762e72e-32f7-3bd8-baad-f6202c899a57): где анфикс._.ц
[13:01:31] _DIBILLO_ (894753f3-eac8-378d-b70a-ec8f04a1e36e): хз
[13:01:36] turikhnax (c762e72e-32f7-3bd8-baad-f6202c899a57): ой блот
[13:01:41] turikhnax (c762e72e-32f7-3bd8-baad-f6202c899a57): - мой визер
[13:01:49] _DIBILLO_ (894753f3-eac8-378d-b70a-ec8f04a1e36e): ?
[13:01:51] _DIBILLO_ (894753f3-eac8-378d-b70a-ec8f04a1e36e): всмысле
[13:02:04] turikhnax (c762e72e-32f7-3bd8-baad-f6202c899a57): в прямом, в прошлой вайпе у меня был визер
[13:02:12] _DIBILLO_ (894753f3-eac8-378d-b70a-ec8f04a1e36e): понятно
[13:02:44] turikhnax (c762e72e-32f7-3bd8-baad-f6202c899a57): в прямом, в прошлой вайпе у меня был визер
[13:02:52] _DIBILLO_ (894753f3-eac8-378d-b70a-ec8f04a1e36e): я понял уже -_-
[13:02:57] turikhnax (c762e72e-32f7-3bd8-baad-f6202c899a57): я случайно
[13:03:03] _DIBILLO_ (894753f3-eac8-378d-b70a-ec8f04a1e36e): ...
[13:03:15] _DIBILLO_ (894753f3-eac8-378d-b70a-ec8f04a1e36e): го вместе разиватся?
[13:03:25] turikhnax (c762e72e-32f7-3bd8-baad-f6202c899a57): я хз,я наверн щас уйду
[13:03:36] _DIBILLO_ (894753f3-eac8-378d-b70a-ec8f04a1e36e): я тоже кст
[13:03:42] turikhnax (c762e72e-32f7-3bd8-baad-f6202c899a57): ок
[13:23:01] turikhnax (c762e72e-32f7-3bd8-baad-f6202c899a57): t
[13:24:10] Artiko123 (efbdc9cc-f8b1-30fb-aed2-e0931d43d7e5): дадова
[13:24:21] turikhnax (c762e72e-32f7-3bd8-baad-f6202c899a57): artiko ку
[13:24:50] turikhnax (c762e72e-32f7-3bd8-baad-f6202c899a57):  artiko бан анфиксу
[13:25:48] Artiko123 (efbdc9cc-f8b1-30fb-aed2-e0931d43d7e5): ...
[13:29:11] turikhnax (c762e72e-32f7-3bd8-baad-f6202c899a57): спс
[13:29:29] turikhnax (c762e72e-32f7-3bd8-baad-f6202c899a57):  artiko го к нам в клан?
[13:50:39] WerTual (9d5d0cdc-d27b-342a-8edb-2d9d42237d7a): ky
[13:50:39] turikhnax (c762e72e-32f7-3bd8-baad-f6202c899a57):  atriko ты что?
[13:50:42] Artiko123 (efbdc9cc-f8b1-30fb-aed2-e0931d43d7e5): ky
[13:52:19] turikhnax (c762e72e-32f7-3bd8-baad-f6202c899a57): артико
[13:52:27] turikhnax (c762e72e-32f7-3bd8-baad-f6202c899a57): ты обиделся ?
[13:52:38] turikhnax (c762e72e-32f7-3bd8-baad-f6202c899a57): а что?
[13:53:16] turikhnax (c762e72e-32f7-3bd8-baad-f6202c899a57): куплю хавчика
[13:55:11] _DIBILLO_ (894753f3-eac8-378d-b70a-ec8f04a1e36e): 1
[13:55:44] turikhnax (c762e72e-32f7-3bd8-baad-f6202c899a57):  mamka шо - доны?
[13:55:53] turikhnax (c762e72e-32f7-3bd8-baad-f6202c899a57):  manka*
[13:55:56] turikhnax (c762e72e-32f7-3bd8-baad-f6202c899a57): И ку
[13:57:12] Artiko123 (efbdc9cc-f8b1-30fb-aed2-e0931d43d7e5): M3tty?
[14:04:17] _DIBILLO_ (894753f3-eac8-378d-b70a-ec8f04a1e36e): а мне когда хелперка придёт?
[14:19:31] _DIBILLO_ (894753f3-eac8-378d-b70a-ec8f04a1e36e): 1
[14:25:12] unfiXxx (f83bce0e-e670-3d7a-9e3f-db8bfd7f7bce): хай
[14:25:18] turikhnax (c762e72e-32f7-3bd8-baad-f6202c899a57): хай
[14:25:25] Misti292 (d281993f-6b45-3caf-a898-336023af6fd5): Приувэт
[14:25:27] turikhnax (c762e72e-32f7-3bd8-baad-f6202c899a57):  unfix - донаты?
[14:25:33] unfiXxx (f83bce0e-e670-3d7a-9e3f-db8bfd7f7bce): +
[14:25:35] turikhnax (c762e72e-32f7-3bd8-baad-f6202c899a57): спс
[14:25:53] unfiXxx (f83bce0e-e670-3d7a-9e3f-db8bfd7f7bce):  Misti какой донат был?
[14:38:28] Artiko123 (efbdc9cc-f8b1-30fb-aed2-e0931d43d7e5): M3tty?
[14:39:14] Artiko123 (efbdc9cc-f8b1-30fb-aed2-e0931d43d7e5): и зач?)
[14:39:19] turikhnax (c762e72e-32f7-3bd8-baad-f6202c899a57): :3
[14:39:58] Artiko123 (efbdc9cc-f8b1-30fb-aed2-e0931d43d7e5): мне и так мб выдадут или мун или модера
[14:43:41] Artiko123 (efbdc9cc-f8b1-30fb-aed2-e0931d43d7e5): :D
[14:43:49] turikhnax (c762e72e-32f7-3bd8-baad-f6202c899a57): :0
[14:43:56] Misti292 (d281993f-6b45-3caf-a898-336023af6fd5): Дерижабль?
[14:44:01] turikhnax (c762e72e-32f7-3bd8-baad-f6202c899a57): ага
[14:44:12] Misti292 (d281993f-6b45-3caf-a898-336023af6fd5): ага :p
[14:44:26] Misti292 (d281993f-6b45-3caf-a898-336023af6fd5): :3
[14:45:03] Artiko123 (efbdc9cc-f8b1-30fb-aed2-e0931d43d7e5): это M3tty?
[14:45:08] turikhnax (c762e72e-32f7-3bd8-baad-f6202c899a57): не
[14:45:19] Misti292 (d281993f-6b45-3caf-a898-336023af6fd5): нет я Куб Кубович
[14:45:28] Artiko123 (efbdc9cc-f8b1-30fb-aed2-e0931d43d7e5): :D
[14:45:34] turikhnax (c762e72e-32f7-3bd8-baad-f6202c899a57): ^=^
[14:45:37] Misti292 (d281993f-6b45-3caf-a898-336023af6fd5): ну или Кубик
[14:45:50] Artiko123 (efbdc9cc-f8b1-30fb-aed2-e0931d43d7e5): когда донбикон успел стать админом?:D
[14:46:00] turikhnax (c762e72e-32f7-3bd8-baad-f6202c899a57): хЗ
[14:46:03] Misti292 (d281993f-6b45-3caf-a898-336023af6fd5):  ^_^
[14:47:27] _DIBILLO_ (894753f3-eac8-378d-b70a-ec8f04a1e36e):  turikhnax
[14:47:31] turikhnax (c762e72e-32f7-3bd8-baad-f6202c899a57): м?
[14:47:40] _DIBILLO_ (894753f3-eac8-378d-b70a-ec8f04a1e36e): го вместе развиватся?
[14:47:48] turikhnax (c762e72e-32f7-3bd8-baad-f6202c899a57): хз
[14:47:52] _DIBILLO_ (894753f3-eac8-378d-b70a-ec8f04a1e36e): ну го..
[14:48:01] Artiko123 (efbdc9cc-f8b1-30fb-aed2-e0931d43d7e5): лул уже хелпер:D
[14:48:06] _DIBILLO_ (894753f3-eac8-378d-b70a-ec8f04a1e36e): xD
[14:48:15] Artiko123 (efbdc9cc-f8b1-30fb-aed2-e0931d43d7e5): я тут Модером был)
[14:48:38] turikhnax (c762e72e-32f7-3bd8-baad-f6202c899a57): :з помним, Артико
[14:48:41] Artiko123 (efbdc9cc-f8b1-30fb-aed2-e0931d43d7e5): )
[14:49:14] Artiko123 (efbdc9cc-f8b1-30fb-aed2-e0931d43d7e5): меня вродь ещё не обогнали по спонсорству
[14:51:06] Artiko123 (efbdc9cc-f8b1-30fb-aed2-e0931d43d7e5): :D
[14:51:14] turikhnax (c762e72e-32f7-3bd8-baad-f6202c899a57): xD
[17:58:07] YT_Diper_YT (7cb866f0-0851-3d1c-bdc0-851a4c68d1fb):  Драствуйте
[17:58:09] Donbicon_ (cb4480bd-b221-37ef-8527-1c0f30bbea76):  q
[17:58:35] Donbicon_ (cb4480bd-b221-37ef-8527-1c0f30bbea76): как дела?
[17:58:41] YT_Diper_YT (7cb866f0-0851-3d1c-bdc0-851a4c68d1fb): почти норм
