[11:20:31] Artiko123 (efbdc9cc-f8b1-30fb-aed2-e0931d43d7e5): dadova
[11:20:32] _ShadowPriestok_ (cc0188f8-b410-3392-b011-e450bfa5613d): читер
[11:21:01] Artiko123 (efbdc9cc-f8b1-30fb-aed2-e0931d43d7e5): 0_0
[11:22:48] _ShadowPriestok_ (cc0188f8-b410-3392-b011-e450bfa5613d): читер
[11:23:53] _ShadowPriestok_ (cc0188f8-b410-3392-b011-e450bfa5613d): кто не афк
[11:24:14] MoonPixel (5bc11d06-7a5b-3a49-94b1-cc2437d208a0): я
[11:24:19] Artiko123 (efbdc9cc-f8b1-30fb-aed2-e0931d43d7e5): я:d
[11:24:25] Artiko123 (efbdc9cc-f8b1-30fb-aed2-e0931d43d7e5): прост занят:D
[11:24:26] _ShadowPriestok_ (cc0188f8-b410-3392-b011-e450bfa5613d): а ладно
[11:24:59] Artiko123 (efbdc9cc-f8b1-30fb-aed2-e0931d43d7e5): крч так и не пришли._.
[11:26:28] MoonPixel (5bc11d06-7a5b-3a49-94b1-cc2437d208a0): Арю
[11:26:30] MoonPixel (5bc11d06-7a5b-3a49-94b1-cc2437d208a0): бот
[11:26:37] MoonPixel (5bc11d06-7a5b-3a49-94b1-cc2437d208a0): ударь меня
[11:26:46] MoonPixel (5bc11d06-7a5b-3a49-94b1-cc2437d208a0): на ф5
[11:26:52] Artiko123 (efbdc9cc-f8b1-30fb-aed2-e0931d43d7e5): я знаю:)
[11:27:22] Artiko123 (efbdc9cc-f8b1-30fb-aed2-e0931d43d7e5): гони бабло xD
[11:29:28] unfiXxx (f83bce0e-e670-3d7a-9e3f-db8bfd7f7bce): Как те кста плагин на киты?
[11:29:31] unfiXxx (f83bce0e-e670-3d7a-9e3f-db8bfd7f7bce): новый)
[11:29:36] Artiko123 (efbdc9cc-f8b1-30fb-aed2-e0931d43d7e5): топ)
[11:29:48] _DIBILLO_ (894753f3-eac8-378d-b70a-ec8f04a1e36e): +
[11:29:54] _DIBILLO_ (894753f3-eac8-378d-b70a-ec8f04a1e36e): c jm)
[11:30:02] unfiXxx (f83bce0e-e670-3d7a-9e3f-db8bfd7f7bce): -
[11:30:12] Artiko123 (efbdc9cc-f8b1-30fb-aed2-e0931d43d7e5): когда Донбикон успел стать админом?:D
[11:30:16] unfiXxx (f83bce0e-e670-3d7a-9e3f-db8bfd7f7bce): на jm без essentials работает
[11:30:24] unfiXxx (f83bce0e-e670-3d7a-9e3f-db8bfd7f7bce): вчера
[11:30:34] unfiXxx (f83bce0e-e670-3d7a-9e3f-db8bfd7f7bce): или позавчера
[11:30:53] Artiko123 (efbdc9cc-f8b1-30fb-aed2-e0931d43d7e5): ._.
[11:30:53] _DIBILLO_ (894753f3-eac8-378d-b70a-ec8f04a1e36e):  unfiXxx
[11:31:21] _DIBILLO_ (894753f3-eac8-378d-b70a-ec8f04a1e36e): когда можно будет пойти на повышение "Модератор" ?
[11:31:35] unfiXxx (f83bce0e-e670-3d7a-9e3f-db8bfd7f7bce): Рано ещё об этом говорить)
[11:31:42] unfiXxx (f83bce0e-e670-3d7a-9e3f-db8bfd7f7bce): вчера только на хелпера пошёл
[11:33:06] Artiko123 (efbdc9cc-f8b1-30fb-aed2-e0931d43d7e5): мона стать модером?xD
[11:33:15] unfiXxx (f83bce0e-e670-3d7a-9e3f-db8bfd7f7bce): Точно
[11:33:34] Artiko123 (efbdc9cc-f8b1-30fb-aed2-e0931d43d7e5): спасибо:)
[11:33:41] _DIBILLO_ (894753f3-eac8-378d-b70a-ec8f04a1e36e): (...
[11:33:43] unfiXxx (f83bce0e-e670-3d7a-9e3f-db8bfd7f7bce): Ник поставь обычный
[11:33:47] Artiko123 (efbdc9cc-f8b1-30fb-aed2-e0931d43d7e5): усё
[11:33:56] unfiXxx (f83bce0e-e670-3d7a-9e3f-db8bfd7f7bce): он модером был и раньше, если чё
[11:34:15] Artiko123 (efbdc9cc-f8b1-30fb-aed2-e0931d43d7e5): у вертика другой ник вроде
[11:43:15] unfiXxx (f83bce0e-e670-3d7a-9e3f-db8bfd7f7bce): Буду наверное на пиар копить
[11:43:19] unfiXxx (f83bce0e-e670-3d7a-9e3f-db8bfd7f7bce): шот скуфна
[11:43:29] Artiko123 (efbdc9cc-f8b1-30fb-aed2-e0931d43d7e5): ._.
[11:43:35] unfiXxx (f83bce0e-e670-3d7a-9e3f-db8bfd7f7bce): .-.
[11:43:48] Artiko123 (efbdc9cc-f8b1-30fb-aed2-e0931d43d7e5): мне деньги так и не пришли._.
[11:43:53] unfiXxx (f83bce0e-e670-3d7a-9e3f-db8bfd7f7bce): Бля
[11:43:58] unfiXxx (f83bce0e-e670-3d7a-9e3f-db8bfd7f7bce): щас напишу в поддержку
[11:46:06] unfiXxx (f83bce0e-e670-3d7a-9e3f-db8bfd7f7bce): так ну заявку подал
[11:54:04] _DIBILLO_ (894753f3-eac8-378d-b70a-ec8f04a1e36e): го элитры на починку куплю и прочность?
[11:54:14] unfiXxx (f83bce0e-e670-3d7a-9e3f-db8bfd7f7bce): щас подожди пожалуйста
[11:54:20] _DIBILLO_ (894753f3-eac8-378d-b70a-ec8f04a1e36e): ?
[11:55:11] _DIBILLO_ (894753f3-eac8-378d-b70a-ec8f04a1e36e): Artiko123
[11:55:12] Artiko123 (efbdc9cc-f8b1-30fb-aed2-e0931d43d7e5): а, шо, я тута
[11:55:16] _DIBILLO_ (894753f3-eac8-378d-b70a-ec8f04a1e36e): го элитры на починку куплю и прочность?
[11:55:28] Artiko123 (efbdc9cc-f8b1-30fb-aed2-e0931d43d7e5): у меня ничего нет xD
[11:55:33] unfiXxx (f83bce0e-e670-3d7a-9e3f-db8bfd7f7bce): Ща прийду
[11:55:39] _DIBILLO_ (894753f3-eac8-378d-b70a-ec8f04a1e36e): го вместе развиватся?
[11:57:58] _DIBILLO_ (894753f3-eac8-378d-b70a-ec8f04a1e36e): го вместе развиватся?
[12:20:04] sovikon (aa888fd4-e7bf-390e-bc4e-b3dc6dea4711): ky
[12:38:08] unfiXxx (f83bce0e-e670-3d7a-9e3f-db8bfd7f7bce): хелоу
[12:38:09] sovikon (aa888fd4-e7bf-390e-bc4e-b3dc6dea4711): админ
[12:38:47] sovikon (aa888fd4-e7bf-390e-bc4e-b3dc6dea4711): админ
[12:39:17] sovikon (aa888fd4-e7bf-390e-bc4e-b3dc6dea4711): у меня был донат
[12:46:29] sovikon (aa888fd4-e7bf-390e-bc4e-b3dc6dea4711):  unfix можна в клан?
[12:47:26] sovikon (aa888fd4-e7bf-390e-bc4e-b3dc6dea4711):  unfix можна в клан?
[13:41:25] Razer_Adam (47f1fa5a-2258-318e-bfd4-9eb74cc11009): q
[14:57:52] Just (27762fa9-d473-34d2-8ecc-78012b6bb597): 123
[14:57:57] Just (27762fa9-d473-34d2-8ecc-78012b6bb597): 123
[15:02:11] _LeLennox_ (ec545db7-405f-3a00-aa15-154a93e2587f): Здарва?
[15:02:59] _LeLennox_ (ec545db7-405f-3a00-aa15-154a93e2587f): Как всегда((
[17:29:29] Dep3kiu_TpoJlb (9ebf359e-7861-3d65-b548-73187fe34b40): sd
[17:29:49] Dep3kiu_TpoJlb (9ebf359e-7861-3d65-b548-73187fe34b40): asd
