Command,Pay,Player,"23 июля 2019 г. 15:41:43 EET","MoonTest",500,money,$,"MoonTest",500,money,$,"world",219,69,215,
Command,Pay,Player,"Saturday, July 27, 2019 7:50:50 PM CEST","MankaGrief",665,money,$,"DiKaPi_emerald",665,money,$,"world",-4393,64,5881,
Command,Pay,Player,"Sunday, July 28, 2019 11:29:09 AM CEST","Artiko123",850,money,$,"_ADOT_1337_",850,money,$,"world",-5186,66,4474,
Command,Pay,Player,"Sunday, July 28, 2019 11:52:12 AM CEST","Artiko123",5000,money,$,"_ADOT_1337_",5000,money,$,"world",91,94,266,
Command,Pay,Player,"Sunday, July 28, 2019 12:45:11 PM CEST","Artiko123",500,money,$,"Mr_Pimpo4kaYT",500,money,$,"world",-4344,72,5908,
Command,Pay,Player,"Sunday, July 28, 2019 2:16:27 PM CEST","Artiko123",500,money,$,"nate_pvp",500,money,$,"world",-4338,71,5912,
Command,Pay,Player,"Sunday, July 28, 2019 6:06:35 PM CEST","Hayu",762,money,$,"nate_pvp",762,money,$,"world",1124,76,-6894,
Command,Pay,Player,"Sunday, July 28, 2019 7:25:08 PM CEST","turikhnax",10000,money,$,"nate_pvp",10000,money,$,"world",203,69,213,
Command,Pay,Player,"Sunday, July 28, 2019 7:31:53 PM CEST","Artiko123",5000,money,$,"nate_pvp",5000,money,$,"world",-4335,71,5901,
Command,Pay,Player,"Monday, July 29, 2019 7:31:27 PM CEST","turikhnax",5000,money,$,"DiKaPi_emerald",5000,money,$,"world_the_end",5,64,3,
Command,Pay,Player,"Monday, July 29, 2019 7:37:27 PM CEST","DiKaPi_emerald",5000,money,$,"_xD__TOXA__xD_",5000,money,$,"world_the_end",-34,61,931,
Command,Pay,Player,"Tuesday, July 30, 2019 10:42:24 AM CEST","DiKaPi_emerald",1000,money,$,"Detrov_",1000,money,$,"world",93,95,262,
Command,Pay,Player,"Tuesday, July 30, 2019 11:36:43 AM CEST","Saltyns_YT",450,money,$,"_BuPyC_YT_",450,money,$,"world",4434,68,-3301,
Command,Pay,Player,"Tuesday, July 30, 2019 11:41:53 AM CEST","Menom",214,money,$,"DiKaPi_emerald",214,money,$,"world",183,94,299,
Command,Pay,Player,"Tuesday, July 30, 2019 12:46:07 PM CEST","III_4elovek_III_",100,money,$,"MankaGrief",100,money,$,"world",207,64,747,
Command,Pay,Player,"Tuesday, July 30, 2019 12:46:50 PM CEST","MankaGrief",100,money,$,"III_4elovek_III_",100,money,$,"world",-4381,64,5893,
Command,Pay,Player,"Tuesday, July 30, 2019 3:31:30 PM CEST","3a_CCCP_",500,money,$,"_LowenBrau_",500,money,$,"world",-6500,74,-4575,
Command,Pay,Player,"Tuesday, July 30, 2019 3:33:12 PM CEST","_LowenBrau_",3500,money,$,"MankaGrief",3500,money,$,"world",-6436,63,-4577,
Command,Pay,Player,"Tuesday, July 30, 2019 3:38:23 PM CEST","MankaGrief",1500,money,$,"_LowenBrau_",1500,money,$,"world",1823,68,-3317,
Command,Pay,Player,"Tuesday, July 30, 2019 3:38:42 PM CEST","_LowenBrau_",1500,money,$,"3a_CCCP_",1500,money,$,"world",-6443,66,-4540,
Command,Pay,Player,"Tuesday, July 30, 2019 3:41:59 PM CEST","3a_CCCP_",1500,money,$,"_LowenBrau_",1500,money,$,"world",-6466,71,-4549,
Command,Pay,Player,"Tuesday, July 30, 2019 4:00:57 PM CEST","_BuPyC_YT_",650,money,$,"Artiko123",650,money,$,"world",-4333,72,5908,
Command,Pay,Player,"Tuesday, July 30, 2019 4:04:44 PM CEST","Artiko123",500,money,$,"MankaGrief",500,money,$,"world",-4383,64,5876,
Command,Pay,Player,"Tuesday, July 30, 2019 4:16:58 PM CEST","3a_CCCP_",923,money,$,"_LowenBrau_",923,money,$,"world_the_end",-8,64,-1,
Command,Pay,Player,"Tuesday, July 30, 2019 8:02:42 PM CEST","MankaGrief",110,money,$,"DiKaPi_emerald",110,money,$,"world",-5,64,1663,
Command,Pay,Player,"Tuesday, July 30, 2019 11:11:21 PM CEST","xerogan",1000,money,$,"MankaGrief",1000,money,$,"world_the_end",-1031,59,1301,
Command,Pay,Player,"Wednesday, July 31, 2019 12:30:57 PM CEST","kosta745",423,money,$,"MankaGrief",423,money,$,"world_the_end",1708,57,-1104,
Command,Pay,Player,"Wednesday, July 31, 2019 1:34:39 PM CEST","kosta745",988,money,$,"MankaGrief",988,money,$,"world",206,69,211,
Command,Pay,Player,"Wednesday, July 31, 2019 1:39:31 PM CEST","kosta745",1410,money,$,"MankaGrief",1410,money,$,"world",205,69,214,
Command,Pay,Player,"Wednesday, July 31, 2019 1:43:19 PM CEST","kosta745",1413,money,$,"MankaGrief",1413,money,$,"world",210,69,215,
Command,Pay,Player,"Wednesday, July 31, 2019 3:12:23 PM CEST","DedManixPro",1000,money,$,"MankaGrief",1000,money,$,"world",1813,68,-3311,
Command,Pay,Player,"Wednesday, July 31, 2019 3:12:31 PM CEST","DedManixPro",1000,money,$,"MankaGrief",1000,money,$,"world",1808,68,-3309,
Command,Pay,Player,"Wednesday, July 31, 2019 3:12:34 PM CEST","DedManixPro",1000,money,$,"MankaGrief",1000,money,$,"world",1808,68,-3309,
Command,Pay,Player,"Wednesday, July 31, 2019 3:12:35 PM CEST","DedManixPro",1000,money,$,"MankaGrief",1000,money,$,"world",1808,68,-3310,
Command,Pay,Player,"Wednesday, July 31, 2019 3:12:37 PM CEST","DedManixPro",1000,money,$,"MankaGrief",1000,money,$,"world",1808,68,-3310,
Command,Pay,Player,"Wednesday, July 31, 2019 3:12:38 PM CEST","DedManixPro",1000,money,$,"MankaGrief",1000,money,$,"world",1808,68,-3310,
Command,Pay,Player,"Wednesday, July 31, 2019 3:12:41 PM CEST","DedManixPro",1000,money,$,"MankaGrief",1000,money,$,"world",1808,68,-3310,
Command,Pay,Player,"Wednesday, July 31, 2019 3:12:43 PM CEST","DedManixPro",1000,money,$,"MankaGrief",1000,money,$,"world",1809,68,-3310,
Command,Pay,Player,"Wednesday, July 31, 2019 3:12:48 PM CEST","DedManixPro",129,money,$,"MankaGrief",129,money,$,"world",1809,68,-3310,
Command,Pay,Player,"Wednesday, July 31, 2019 8:00:31 PM CEST","WerTual",16928,money,$,"HoldiSs",16928,money,$,"world_the_end",2933,99,2631,
Command,Pay,Player,"Wednesday, July 31, 2019 9:50:45 PM CEST","WerTual",5000,money,$,"HoldiSs",5000,money,$,"world",-4441,53,-7435,
Command,Pay,Player,"Wednesday, July 31, 2019 10:24:43 PM CEST","WerTual",50000,money,$,"HoldiSs",50000,money,$,"world",-4231,51,-7351,
Command,Pay,Player,"Wednesday, July 31, 2019 10:27:35 PM CEST","WerTual",5000,money,$,"HoldiSs",5000,money,$,"world",-4019,62,-7730,
Command,Pay,Player,"Wednesday, July 31, 2019 10:29:56 PM CEST","WerTual",1000,money,$,"HoldiSs",1000,money,$,"world",-3664,62,-7833,
Command,Pay,Player,"Wednesday, July 31, 2019 10:30:57 PM CEST","WerTual",998,money,$,"HoldiSs",998,money,$,"world",-3577,62,-7873,
Command,Pay,Player,"Wednesday, July 31, 2019 10:31:45 PM CEST","WerTual",500,money,$,"HoldiSs",500,money,$,"world",-3551,62,-7844,
Command,Pay,Player,"Wednesday, July 31, 2019 10:31:59 PM CEST","WerTual",500,money,$,"HoldiSs",500,money,$,"world",-3502,63,-7871,
Command,Pay,Player,"Wednesday, July 31, 2019 10:32:06 PM CEST","HoldiSs",676,money,$,"WerTual",676,money,$,"world",-3500,63,-7872,
Command,Pay,Player,"Wednesday, July 31, 2019 10:33:53 PM CEST","HoldiSs",50000,money,$,"WerTual",50000,money,$,"world",91,94,266,
Command,Pay,Player,"Wednesday, July 31, 2019 10:36:59 PM CEST","HoldiSs",50000,money,$,"WerTual",50000,money,$,"world",-3494,67,-7931,
Command,Pay,Player,"Thursday, August 1, 2019 12:15:07 PM CEST","Artiko123",6500,money,$,"_ADOT_1337_",6500,money,$,"world",-4334,72,5892,
Command,Pay,Player,"Thursday, August 1, 2019 12:20:33 PM CEST","Artiko123",5000,money,$,"_adot_1337_",5000,money,$,"world",-4335,71,5895,
Command,Pay,Player,"Thursday, August 1, 2019 1:57:52 PM CEST","WerTual",30000,money,$,"HoldiSs",30000,money,$,"world",-326,66,-6785,
Command,Pay,Player,"Thursday, August 1, 2019 2:59:53 PM CEST","MankaGrief",12217,money,$,"_Manka_Plushka_",12217,money,$,"world",1812,68,-3299,
Command,Pay,Player,"Thursday, August 1, 2019 5:25:31 PM CEST","WerTual",80000,money,$,"unfiXxx",80000,money,$,"world",-318,64,-6773,
Command,Pay,Player,"Thursday, August 1, 2019 5:30:56 PM CEST","unfiXxx",80000,money,$,"WerTual",80000,money,$,"world",-330,64,-6779,
Command,Pay,Player,"Friday, August 2, 2019 3:08:23 PM CEST","MankaGrief",1000,money,$,"Dreddie",1000,money,$,"world",304,10,1590,
Command,Pay,Player,"Friday, August 2, 2019 3:11:52 PM CEST","Dreddie",5000,money,$,"MankaGrief",5000,money,$,"world",1803,69,-3307,
Command,Pay,Player,"Friday, August 2, 2019 4:03:15 PM CEST","MankaGrief",8292,money,$,"_manka_Plushka_",8292,money,$,"world",-3778,73,-6752,
Command,Pay,Player,"Friday, August 2, 2019 4:05:34 PM CEST","_manka_Plushka_",8292,money,$,"MankaGrief",8292,money,$,"world",-3811,71,-6825,
Command,Pay,Player,"Friday, August 2, 2019 4:26:44 PM CEST","MankaGrief",8292,money,$,"_Manka_Plushka_",8292,money,$,"world",1804,68,-3298,
Command,Pay,Player,"Friday, August 2, 2019 4:27:40 PM CEST","Vadi4ka_top",3000,money,$,"WerTual",3000,money,$,"world",-6979,67,-76,
Command,Pay,Player,"Saturday, August 3, 2019 10:52:56 AM CEST","Dreddie",7000,money,$,"WerTual",7000,money,$,"world",204,69,208,
Command,Pay,Player,"Saturday, August 3, 2019 11:29:42 AM CEST","Dreddie",1000,money,$,"WerTual",1000,money,$,"world",206,69,209,
Command,Pay,Player,"Saturday, August 3, 2019 7:17:45 PM CEST","Dreddie",10000,money,$,"WerTual",10000,money,$,"world",5405,59,5977,
Command,Pay,Player,"Sunday, August 4, 2019 9:46:00 AM CEST","Dreddie",800,money,$,"WerTual",800,money,$,"world",5401,64,5956,
Command,Pay,Player,"Sunday, August 4, 2019 9:55:17 AM CEST","Dreddie",600,money,$,"WerTual",600,money,$,"world",-2315,51,-1117,
Command,Pay,Player,"Sunday, August 4, 2019 10:10:59 AM CEST","Dreddie",6100,money,$,"WerTual",6100,money,$,"world",5411,64,5977,
Command,Pay,Player,"Sunday, August 4, 2019 3:34:32 PM CEST","Dreddie",6600,money,$,"WerTual",6600,money,$,"world_the_end",1983,58,-751,
Command,Pay,Player,"Sunday, August 4, 2019 3:40:02 PM CEST","MankaGrief",1146,money,$,"WerTual",1146,money,$,"world_nether",158,59,-270,
Command,Pay,Player,"Sunday, August 4, 2019 8:52:42 PM CEST","kolia3393391",3019,money,$,"Bleyz",3019,money,$,"world",-441,52,415,
Command,Pay,Player,"Monday, August 5, 2019 7:47:55 AM CEST","Dreddie",3000,money,$,"WerTual",3000,money,$,"world_the_end",4894,88,1677,
Command,Pay,Player,"Monday, August 5, 2019 10:10:31 AM CEST","sovikon",2000,money,$,"HoldiSs",2000,money,$,"world",3368,67,-1324,
Command,Pay,Player,"Monday, August 5, 2019 5:33:36 PM CEST","sovikon",697,money,$,"Mistik31mini",697,money,$,"world",206,69,213,
Command,Pay,Player,"Monday, August 5, 2019 6:15:04 PM CEST","sovikon",10000,money,$,"sovikon",10000,money,$,"world",207,70,193,
Command,Pay,Player,"Monday, August 5, 2019 6:15:13 PM CEST","sovikon",10000,money,$,"sovikon",10000,money,$,"world",208,71,202,
Command,Pay,Player,"Monday, August 5, 2019 7:15:33 PM CEST","Dreddie",3801,money,$,"WerTual",3801,money,$,"world_the_end",1033,60,2898,
Command,Pay,Player,"Monday, August 5, 2019 8:11:34 PM CEST","xerogan",500,money,$,"WerTual",500,money,$,"world_the_end",-7261,63,7103,
Command,Pay,Player,"Monday, August 5, 2019 8:11:39 PM CEST","xerogan",500,money,$,"WerTual",500,money,$,"world_the_end",-7261,63,7102,
Command,Pay,Player,"Monday, August 5, 2019 8:14:56 PM CEST","WerTual",10000,money,$,"xerogan",10000,money,$,"world",-4399,69,5927,
Command,Pay,Player,"Monday, August 5, 2019 8:15:14 PM CEST","turikhnax",1674,money,$,"xerogan",1674,money,$,"world_the_end",-7261,77,7093,
Command,Pay,Player,"Monday, August 5, 2019 8:15:55 PM CEST","WerTual",20000,money,$,"_BuPyC_YT_",20000,money,$,"world",-4416,69,5938,
Command,Pay,Player,"Monday, August 5, 2019 8:21:41 PM CEST","xerogan",18042,money,$,"WerTual",18042,money,$,"world",-4415,69,5929,
Command,Pay,Player,"Monday, August 5, 2019 8:21:58 PM CEST","WerTual",100000,money,$,"xerogan",100000,money,$,"world",-4417,70,5930,
Command,Pay,Player,"Monday, August 5, 2019 8:22:15 PM CEST","xerogan",10000,money,$,"WerTual",10000,money,$,"world",-4415,69,5941,
Command,Pay,Player,"Monday, August 5, 2019 8:22:26 PM CEST","WerTual",100000,money,$,"xerogan",100000,money,$,"world",-4413,69,5943,
Command,Pay,Player,"Monday, August 5, 2019 8:22:33 PM CEST","xerogan",100000,money,$,"WerTual",100000,money,$,"world",-4414,69,5941,
Command,Pay,Player,"Monday, August 5, 2019 8:25:39 PM CEST","xerogan",89981,money,$,"WerTual",89981,money,$,"world_nether",115,68,-305,
Command,Pay,Player,"Tuesday, August 6, 2019 10:37:44 AM CEST","sovikon",1685,money,$,"ADADAA",1685,money,$,"world",5597,70,-6396,
Command,Pay,Player,"Tuesday, August 6, 2019 4:50:49 PM CEST","Artiko123",10000,money,$,"sovikon",10000,money,$,"world",3369,69,-1333,
Command,Pay,Player,"Tuesday, August 6, 2019 8:20:48 PM CEST","Artiko123",50000,money,$,"_BuPyC_YT_",50000,money,$,"world",-4333,73,5891,
Command,Pay,Player,"Tuesday, August 6, 2019 9:03:57 PM CEST","WerTual",10000,money,$,"DiKaPi_emerald",10000,money,$,"world",181,97,317,
Command,Pay,Player,"Tuesday, August 6, 2019 9:04:01 PM CEST","Artiko123",5000,money,$,"DiKaPi_emerald",5000,money,$,"world",185,98,315,
Command,Pay,Player,"Tuesday, August 6, 2019 9:04:03 PM CEST","unfiXxx",10000,money,$,"DiKaPi_emerald",10000,money,$,"world",164,95,332,
Command,Pay,Player,"Tuesday, August 6, 2019 9:04:04 PM CEST","WerTual",10000,money,$,"DiKaPi_emerald",10000,money,$,"world",184,97,324,
Command,Pay,Player,"Tuesday, August 6, 2019 9:04:12 PM CEST","unfiXxx",5000,money,$,"DiKaPi_emerald",5000,money,$,"world",167,95,303,
Command,Pay,Player,"Tuesday, August 6, 2019 9:04:13 PM CEST","WerTual",10000,money,$,"DiKaPi_emerald",10000,money,$,"world",176,97,318,
Command,Pay,Player,"Tuesday, August 6, 2019 9:04:23 PM CEST","WerTual",10000,money,$,"DiKaPi_emerald",10000,money,$,"world",176,97,320,
Command,Pay,Player,"Tuesday, August 6, 2019 9:04:27 PM CEST","Artiko123",5000,money,$,"DiKaPi_emerald",5000,money,$,"world",183,98,321,
Command,Pay,Player,"Tuesday, August 6, 2019 9:04:30 PM CEST","WerTual",10000,money,$,"DiKaPi_emerald",10000,money,$,"world",177,97,319,
Command,Pay,Player,"Tuesday, August 6, 2019 9:04:37 PM CEST","WerTual",10000,money,$,"DiKaPi_emerald",10000,money,$,"world",183,97,313,
Command,Pay,Player,"Tuesday, August 6, 2019 9:04:44 PM CEST","WerTual",10000,money,$,"DiKaPi_emerald",10000,money,$,"world",185,98,317,
Command,Pay,Player,"Tuesday, August 6, 2019 9:04:53 PM CEST","_BuPyC_YT_",27940,money,$,"DiKaPi_emerald",27940,money,$,"world",1621,77,-497,
Command,Pay,Player,"Tuesday, August 6, 2019 9:05:10 PM CEST","Artiko123",5000,money,$,"DiKaPi_emerald",5000,money,$,"world",183,99,330,
Command,Pay,Player,"Tuesday, August 6, 2019 9:05:10 PM CEST","Artiko123",5000,money,$,"DiKaPi_emerald",5000,money,$,"world",183,99,330,
Command,Pay,Player,"Tuesday, August 6, 2019 9:05:10 PM CEST","Artiko123",5000,money,$,"DiKaPi_emerald",5000,money,$,"world",183,99,330,
Command,Pay,Player,"Tuesday, August 6, 2019 9:08:07 PM CEST","Artiko123",1000,money,$,"HoldiSs",1000,money,$,"world",187,103,359,
Command,Pay,Player,"Tuesday, August 6, 2019 9:08:08 PM CEST","Artiko123",1000,money,$,"HoldiSs",1000,money,$,"world",187,103,359,
Command,Pay,Player,"Tuesday, August 6, 2019 9:08:08 PM CEST","Artiko123",1000,money,$,"HoldiSs",1000,money,$,"world",187,103,359,
Command,Pay,Player,"Tuesday, August 6, 2019 9:08:09 PM CEST","Artiko123",1000,money,$,"HoldiSs",1000,money,$,"world",187,103,359,
Command,Pay,Player,"Tuesday, August 6, 2019 9:08:09 PM CEST","Artiko123",1000,money,$,"HoldiSs",1000,money,$,"world",187,103,359,
Command,Pay,Player,"Tuesday, August 6, 2019 9:08:09 PM CEST","Artiko123",1000,money,$,"HoldiSs",1000,money,$,"world",187,103,359,
Command,Pay,Player,"Tuesday, August 6, 2019 9:08:10 PM CEST","Artiko123",1000,money,$,"HoldiSs",1000,money,$,"world",187,103,359,
Command,Pay,Player,"Tuesday, August 6, 2019 9:08:10 PM CEST","Artiko123",1000,money,$,"HoldiSs",1000,money,$,"world",187,103,359,
Command,Pay,Player,"Tuesday, August 6, 2019 9:08:10 PM CEST","Artiko123",1000,money,$,"HoldiSs",1000,money,$,"world",187,103,359,
Command,Pay,Player,"Tuesday, August 6, 2019 9:16:25 PM CEST","sovikon",10000,money,$,"WerTual",10000,money,$,"world",183,97,313,
Command,Pay,Player,"Tuesday, August 6, 2019 9:22:17 PM CEST","sovikon",3000,money,$,"HoldiSs",3000,money,$,"world",-323,66,-6745,
Command,Pay,Player,"Tuesday, August 6, 2019 9:29:15 PM CEST","DiKaPi_emerald",30000,money,$,"sovikon",30000,money,$,"world",91,95,270,
Command,Pay,Player,"Tuesday, August 6, 2019 9:29:34 PM CEST","DiKaPi_emerald",10000,money,$,"ADADAA",10000,money,$,"world",91,95,270,
Command,Pay,Player,"Tuesday, August 6, 2019 9:29:37 PM CEST","DiKaPi_emerald",10000,money,$,"ADADAA",10000,money,$,"world",91,95,270,
Command,Pay,Player,"Tuesday, August 6, 2019 9:29:37 PM CEST","DiKaPi_emerald",10000,money,$,"ADADAA",10000,money,$,"world",91,95,270,
Command,Pay,Player,"Tuesday, August 6, 2019 9:29:50 PM CEST","DiKaPi_emerald",40000,money,$,"sostrima8",40000,money,$,"world",90,95,270,
Command,Pay,Player,"Tuesday, August 6, 2019 9:30:17 PM CEST","DiKaPi_emerald",30000,money,$,"xerogan",30000,money,$,"world",93,95,261,
Command,Pay,Player,"Tuesday, August 6, 2019 9:41:28 PM CEST","sovikon",24000,money,$,"DiKaPi_emerald",24000,money,$,"world",-295,5,-6694,
Command,Pay,Player,"Tuesday, August 6, 2019 9:47:58 PM CEST","ADADAA",2109,money,$,"WerTual",2109,money,$,"world",1893,66,7312,
Command,Pay,Player,"Wednesday, August 7, 2019 10:50:40 AM CEST","Dreddie",21025,money,$,"WerTual",21025,money,$,"world",5407,64,5978,
Command,Pay,Player,"Thursday, August 8, 2019 12:40:01 PM CEST","xerogan",1660,money,$,"WerTual",1660,money,$,"world",-5729,58,-6368,
Command,Pay,Player,"Thursday, August 8, 2019 12:55:44 PM CEST","xerogan",1266,money,$,"WerTual",1266,money,$,"world",-5029,123,1456,
Command,Pay,Player,"Thursday, August 8, 2019 1:00:01 PM CEST","xerogan",1042,money,$,"WerTual",1042,money,$,"world",-5031,123,1469,
Command,Pay,Player,"Thursday, August 8, 2019 1:00:08 PM CEST","sovikon",1000,money,$,"turikhnax",1000,money,$,"world",-5033,122,1472,
Command,Pay,Player,"Thursday, August 8, 2019 1:01:25 PM CEST","sovikon",700,money,$,"turikhnax",700,money,$,"world",-5029,122,1476,
Command,Pay,Player,"Thursday, August 8, 2019 1:02:29 PM CEST","sovikon",500,money,$,"turikhnax",500,money,$,"world",-5030,122,1476,
Command,Pay,Player,"Thursday, August 8, 2019 1:02:46 PM CEST","xerogan",6288,money,$,"WerTual",6288,money,$,"world",-5062,149,1486,
Command,Pay,Player,"Friday, August 9, 2019 6:11:04 PM CEST","xerogan",2021,money,$,"WerTual",2021,money,$,"world",-7270,3,-826,
Command,Pay,Player,"Friday, August 9, 2019 6:57:07 PM CEST","_CJLaDoCTb_",1000,money,$,"DiKaPi_emerald",1000,money,$,"world",7182,64,3462,
Command,Pay,Player,"Friday, August 9, 2019 6:58:05 PM CEST","_CJLaDoCTb_",1000,money,$,"DiKaPi_emerald",1000,money,$,"world",7185,64,3461,
Command,Pay,Player,"Friday, August 9, 2019 8:17:29 PM CEST","WerTual",10000,money,$,"xerogan",10000,money,$,"world",-5710,56,-6349,
Command,Pay,Player,"Friday, August 9, 2019 8:19:22 PM CEST","Pidor_naxuj",500,money,$,"DiKaPi_emerald",500,money,$,"world",-1889,73,3379,
Command,Pay,Player,"Friday, August 9, 2019 8:21:57 PM CEST","xerogan",10000,money,$,"WerTual",10000,money,$,"world",495,52,3225,
Command,Pay,Player,"Friday, August 9, 2019 8:22:18 PM CEST","WerTual",10000,money,$,"xerogan",10000,money,$,"world",-2778,80,3028,
Command,Pay,Player,"Saturday, August 10, 2019 12:01:19 AM CEST","vadik",998,money,$,"DiKaPi_emerald",998,money,$,"world",-5055,149,1485,
Command,Pay,Player,"Saturday, August 10, 2019 5:10:22 PM CEST","sovikon",500,money,$,"Artiko123",500,money,$,"world",-5381,34,5826,
Command,Pay,Player,"Sunday, August 11, 2019 1:18:09 PM CEST","DiKaPi_emerald",2000,money,$,"Akunga_404",2000,money,$,"world_the_end",4168,135,-5970,
Command,Pay,Player,"Sunday, August 11, 2019 2:22:08 PM CEST","Be3y4uU_Kot",500,money,$,"turikhnax",500,money,$,"world",7271,30,-6395,
Command,Pay,Player,"Sunday, August 11, 2019 3:24:57 PM CEST","Be3y4uU_Kot",10000,money,$,"CnugKy6ep",10000,money,$,"world",4472,72,-6263,
Command,Pay,Player,"Sunday, August 11, 2019 5:29:16 PM CEST","sovikon",500,money,$,"_CJLaDoCTb_",500,money,$,"world",2077,66,-335,
Command,Pay,Player,"Sunday, August 11, 2019 5:31:20 PM CEST","sovikon",1000,money,$,"WerTual",1000,money,$,"world",2083,66,-335,
Command,Pay,Player,"Sunday, August 11, 2019 5:31:52 PM CEST","sovikon",1000,money,$,"TheNUBiK",1000,money,$,"world",2067,66,-335,
Command,Pay,Player,"Sunday, August 11, 2019 5:32:12 PM CEST","sovikon",500,money,$,"xerogan",500,money,$,"world",2067,67,-335,
Command,Pay,Player,"Sunday, August 11, 2019 5:37:10 PM CEST","sovikon",1000,money,$,"MankaGrief",1000,money,$,"world",-5037,125,1459,
Command,Pay,Player,"Sunday, August 11, 2019 5:44:05 PM CEST","sovikon",4000,money,$,"DiKaPi_emerald",4000,money,$,"world",2073,67,-373,
Command,Pay,Player,"Sunday, August 11, 2019 5:44:55 PM CEST","sovikon",500,money,$,"DiKaPi_emerald",500,money,$,"world",2073,67,-373,
Command,Pay,Player,"Sunday, August 11, 2019 6:01:40 PM CEST","Be3y4uU_Kot",12000,money,$,"CnugKy6ep",12000,money,$,"world",4763,43,-7139,
Command,Pay,Player,"Sunday, August 11, 2019 6:08:30 PM CEST","Be3y4uU_Kot",6000,money,$,"CnugKy6ep",6000,money,$,"world",-7606,53,239,
Command,Pay,Player,"Sunday, August 11, 2019 7:10:09 PM CEST","Mo9NiKWAda",1000,money,$,"Mo9NiK",1000,money,$,"world",-5034,149,1459,
Command,Pay,Player,"Sunday, August 11, 2019 7:13:59 PM CEST","AWDAW3",1000,money,$,"Mo9NiK",1000,money,$,"world",-5035,149,1459,
Command,Pay,Player,"Sunday, August 11, 2019 7:18:16 PM CEST","sad1w",1000,money,$,"Mo9NiK",1000,money,$,"world",-5039,149,1458,
Command,Pay,Player,"Sunday, August 11, 2019 7:27:16 PM CEST","232234",1000,money,$,"biker123",1000,money,$,"world",-5035,149,1454,
Command,Pay,Player,"Sunday, August 11, 2019 9:53:37 PM CEST","SpinerBouel",1973,money,$,"MankaGrief",1973,money,$,"world",7863,66,7921,
Command,Pay,Player,"Sunday, August 11, 2019 10:01:00 PM CEST","MankaGrief",3112,money,$,"xerogan",3112,money,$,"world",7899,66,7939,
Command,Pay,Player,"Sunday, August 11, 2019 11:05:04 PM CEST","DiKaPi_emerald",10000,money,$,"xerogan",10000,money,$,"world",2269,48,5763,
Command,Pay,Player,"Monday, August 12, 2019 12:32:36 PM CEST","DabDanK",500,money,$,"JelkuEZ",500,money,$,"world",6869,1,5627,
Command,Pay,Player,"Monday, August 12, 2019 12:32:40 PM CEST","DabDanK",500,money,$,"JelkuEZ",500,money,$,"world",6869,1,5627,
Command,Pay,Player,"Monday, August 12, 2019 12:32:41 PM CEST","DabDanK",500,money,$,"JelkuEZ",500,money,$,"world",6869,1,5627,
Command,Pay,Player,"Monday, August 12, 2019 12:32:41 PM CEST","DabDanK",500,money,$,"JelkuEZ",500,money,$,"world",6869,1,5627,
Command,Pay,Player,"Monday, August 12, 2019 1:08:38 PM CEST","The_End21",1000,money,$,"Enderka_Easy_xD",1000,money,$,"world",-5035,149,1457,
Command,Pay,Player,"Monday, August 12, 2019 2:43:38 PM CEST","GoHIIIuK",5640,money,$,"Artiko123",5640,money,$,"world",-5050,124,1495,
Command,Pay,Player,"Monday, August 12, 2019 2:47:07 PM CEST","GoHIIIuK",855,money,$,"Artiko123",855,money,$,"world",-5032,122,1477,
Command,Pay,Player,"Monday, August 12, 2019 2:50:52 PM CEST","GoHIIIuK",1290,money,$,"Artiko123",1290,money,$,"world",-5035,123,1482,
Command,Pay,Player,"Monday, August 12, 2019 2:52:59 PM CEST","GoHIIIuK",660,money,$,"Artiko123",660,money,$,"world",-5033,122,1474,
Command,Pay,Player,"Monday, August 12, 2019 2:54:34 PM CEST","GoHIIIuK",690,money,$,"Artiko123",690,money,$,"world",-5031,122,1475,
Command,Pay,Player,"Monday, August 12, 2019 2:58:48 PM CEST","GoHIIIuK",2040,money,$,"Artiko123",2040,money,$,"world",-5034,122,1472,
Command,Pay,Player,"Monday, August 12, 2019 3:02:38 PM CEST","GoHIIIuK",1515,money,$,"Artiko123",1515,money,$,"world",-5031,122,1473,
Command,Pay,Player,"Monday, August 12, 2019 3:04:28 PM CEST","GoHIIIuK",540,money,$,"Artiko123",540,money,$,"world",-5035,122,1473,
Command,Pay,Player,"Monday, August 12, 2019 3:06:04 PM CEST","GoHIIIuK",570,money,$,"Artiko123",570,money,$,"world",-5033,124,1484,
Command,Pay,Player,"Monday, August 12, 2019 3:07:42 PM CEST","GoHIIIuK",540,money,$,"Artiko123",540,money,$,"world",-5029,122,1473,
Command,Pay,Player,"Monday, August 12, 2019 3:08:48 PM CEST","GoHIIIuK",510,money,$,"Artiko123",510,money,$,"world",-5033,122,1479,
Command,Pay,Player,"Monday, August 12, 2019 3:10:38 PM CEST","GoHIIIuK",600,money,$,"Artiko123",600,money,$,"world",-5035,122,1477,
Command,Pay,Player,"Monday, August 12, 2019 6:10:48 PM CEST","xerogan",10000,money,$,"_CJLaDoCTb_",10000,money,$,"world",2090,78,-1862,
Command,Pay,Player,"Monday, August 12, 2019 6:11:08 PM CEST","_CJLaDoCTb_",10000,money,$,"xerogan",10000,money,$,"world",2091,78,-1862,
Command,Pay,Player,"Monday, August 12, 2019 7:18:39 PM CEST","sovikon",5468,money,$,"turikhnax",5468,money,$,"world",2069,67,-368,
Command,Pay,Player,"Monday, August 12, 2019 7:34:42 PM CEST","turikhnax",1000,money,$,"_CJLaDoCTb_",1000,money,$,"world",2080,67,-371,
Command,Pay,Player,"Tuesday, August 13, 2019 12:56:58 PM CEST","turikhnax",1000,money,$,"MankaGrief",1000,money,$,"world_nether",-811,62,-1675,
Command,Pay,Player,"Tuesday, August 13, 2019 1:49:27 PM CEST","turikhnax",1000,money,$,"MankaGrief",1000,money,$,"world_nether",-818,68,-1657,
Command,Pay,Player,"Tuesday, August 13, 2019 5:12:15 PM CEST","xerogan",41378,money,$,"WerTual",41378,money,$,"world",-5060,149,1488,
Command,Pay,Player,"Wednesday, August 14, 2019 7:59:51 AM CEST","EndermenBro",500,money,$,"Scoter_4ek",500,money,$,"world",1795,19,-4257,
Command,Pay,Player,"Wednesday, August 14, 2019 9:48:18 AM CEST","EndermenBro",700,money,$,"Scoter_4ek",700,money,$,"world",1796,19,-4259,
Command,Pay,Player,"Wednesday, August 14, 2019 10:21:33 AM CEST","Scoter_4ek",500,money,$,"Artiko123",500,money,$,"world",-5052,127,1496,
Command,Pay,Player,"Wednesday, August 14, 2019 10:21:39 AM CEST","turikhnax",500,money,$,"Artiko123",500,money,$,"world",2073,67,-371,
Command,Pay,Player,"Wednesday, August 14, 2019 10:21:48 AM CEST","Artiko123",1500,money,$,"Scoter_4ek",1500,money,$,"world",-5390,34,5830,
Command,Pay,Player,"Wednesday, August 14, 2019 10:21:54 AM CEST","Artiko123",1500,money,$,"turikhnax",1500,money,$,"world",-5390,34,5830,
Command,Pay,Player,"Wednesday, August 14, 2019 11:09:00 AM CEST","EndermenBro",1000,money,$,"pyfken228",1000,money,$,"world",-5026,123,1474,
Command,Pay,Player,"Thursday, August 15, 2019 4:05:55 PM CEST","Scoter_4ek",1000,money,$,"DiKaPi_emerald",1000,money,$,"world",-5069,148,1459,
Command,Pay,Player,"Friday, August 16, 2019 11:00:13 AM CEST","Artiko123",28808,money,$,"ArtikoSnow",28808,money,$,"world_the_end",-30,62,1,
Command,Pay,Player,"Friday, August 16, 2019 11:03:19 AM CEST","Artiko123",1015,money,$,"ArtikoSnow",1015,money,$,"world",-5041,123,1487,
Command,Pay,Player,"Friday, August 16, 2019 11:06:06 AM CEST","ArtikoSnow",29832,money,$,"Artiko123",29832,money,$,"world",-5059,148,1481,
Command,Pay,Player,"Saturday, August 17, 2019 8:15:51 PM CEST","Be3y4uU_Kot",12000,money,$,"Artiko123",12000,money,$,"world",4766,43,-7147,
Command,Pay,Player,"Tuesday, August 20, 2019 9:13:04 AM CEST","WerTual",5000,money,$,"nicelo",5000,money,$,"world",-5073,153,1480,
Command,Pay,Player,"Tuesday, August 20, 2019 9:13:30 AM CEST","WerTual",5000,money,$,"lalka277",5000,money,$,"world",-5099,149,1448,
Command,Pay,Player,"Tuesday, August 20, 2019 9:13:54 AM CEST","WerTual",5000,money,$,"popakakykum",5000,money,$,"world",-5060,154,1511,
Command,Pay,Player,"Tuesday, August 20, 2019 9:26:27 AM CEST","WerTual",5000,money,$,"mettaton",5000,money,$,"world",-5044,149,1483,
Command,Pay,Player,"Tuesday, August 20, 2019 9:48:00 AM CEST","WerTual",5000,money,$,"mihuil2006",5000,money,$,"world",-5089,137,1405,
Command,Pay,Player,"Tuesday, August 20, 2019 11:23:36 AM CEST","Pro3eblo2k19",500,money,$,"WerTual",500,money,$,"world",7914,65,7964,
Command,Pay,Player,"Tuesday, August 20, 2019 3:18:23 PM CEST","WerTual",26534,money,$,"Donbicon_",26534,money,$,"world",-6477,60,-6213,
Command,Pay,Player,"Tuesday, August 20, 2019 6:24:24 PM CEST","Som32",3000,money,$,"EnderSunduk",3000,money,$,"world",-1702,67,6411,
Command,Pay,Player,"Wednesday, August 21, 2019 6:36:14 PM CEST","WerTual",1000,money,$,"_TopBez_",1000,money,$,"world",-6961,71,-96,
Command,Pay,Player,"Wednesday, August 21, 2019 7:07:14 PM CEST","WerTual",2000,money,$,"velvet",2000,money,$,"world",-6984,74,-99,
Command,Pay,Player,"Wednesday, August 21, 2019 10:47:22 PM CEST","HRLLIKA",1000,money,$,"velvet",1000,money,$,"world",1414,39,444,
Command,Pay,Player,"Thursday, August 22, 2019 12:21:52 PM CEST","turikhnax",500,money,$,"HRLLIKA",500,money,$,"world",-5051,125,1496,
Command,Pay,Player,"Thursday, August 22, 2019 1:32:21 PM CEST","turikhnax",1000,money,$,"l3addiGaming",1000,money,$,"world",4826,63,-3426,
Command,Pay,Player,"Thursday, August 22, 2019 1:32:28 PM CEST","turikhnax",1000,money,$,"YT_Diper_YT",1000,money,$,"world",4826,63,-3426,
Command,Pay,Player,"Thursday, August 22, 2019 3:55:18 PM CEST","HRLLIKA",2000,money,$,"Donbicon_",2000,money,$,"world_nether",-458,6,-543,
Command,Pay,Player,"Thursday, August 22, 2019 6:28:46 PM CEST","M3tty",10761,money,$,"dav123",10761,money,$,"world",-5035,122,1478,
Command,Pay,Player,"Thursday, August 22, 2019 6:31:26 PM CEST","dav123",39924,money,$,"M3tty",39924,money,$,"world",-5065,150,1488,
Command,Pay,Player,"Thursday, August 22, 2019 7:05:02 PM CEST","WerTual",50000,money,$,"HRLLIKA",50000,money,$,"world",-7697,82,5359,
Command,Pay,Player,"Thursday, August 22, 2019 7:08:02 PM CEST","M3tty",46164,money,$,"dav123",46164,money,$,"world",-5034,123,1470,
Command,Pay,Player,"Thursday, August 22, 2019 7:08:57 PM CEST","WerTual",500,money,$,"spayder12345",500,money,$,"world",-7682,84,5359,
Command,Pay,Player,"Thursday, August 22, 2019 7:10:18 PM CEST","dav123",50000,money,$,"M3tty",50000,money,$,"world",-5056,149,1491,
Command,Pay,Player,"Thursday, August 22, 2019 7:10:45 PM CEST","dav123",8387,money,$,"M3tty",8387,money,$,"world",-79,32,5238,
Command,Pay,Player,"Thursday, August 22, 2019 7:17:18 PM CEST","M3tty",7000,money,$,"dav123",7000,money,$,"world",-87,32,5245,
Command,Pay,Player,"Thursday, August 22, 2019 8:12:13 PM CEST","turikhnax",500,money,$,"MemasGelya",500,money,$,"world",2084,66,-359,
Command,Pay,Player,"Thursday, August 22, 2019 8:15:40 PM CEST","MemasGelya",5000,money,$,"turikhnax",5000,money,$,"world",2079,65,-361,
Command,Pay,Player,"Friday, August 23, 2019 7:23:03 PM EEST","M3tty",3000,money,$,"dav123",3000,money,$,"world",-5060,148,1485,
Command,Pay,Player,"Friday, August 23, 2019 7:29:53 PM EEST","M3tty",1063,money,$,"dav123",1063,money,$,"world",-5014,128,1474,
Command,Pay,Player,"Friday, August 23, 2019 7:30:37 PM EEST","dav123",10000,money,$,"Artiko123",10000,money,$,"world",-5041,123,1486,
Command,Pay,Player,"Friday, August 23, 2019 7:47:04 PM EEST","M3tty",2782,money,$,"dav123",2782,money,$,"world",-5036,122,1473,
Command,Pay,Player,"Friday, August 23, 2019 7:53:45 PM EEST","M3tty",2400,money,$,"dav123",2400,money,$,"world",-5027,123,1471,
Command,Pay,Player,"Friday, August 23, 2019 7:59:13 PM EEST","dav123",18200,money,$,"Artiko123",18200,money,$,"world",-84,32,5235,
Command,Pay,Player,"Friday, August 23, 2019 8:16:03 PM EEST","dav123",3500,money,$,"Artiko123",3500,money,$,"world",2630,57,294,
Command,Pay,Player,"Saturday, August 24, 2019 10:26:11 AM EEST","MemasGelya",500,money,$,"dany2282005",500,money,$,"world",-1674,67,6391,
Command,Pay,Player,"Saturday, August 24, 2019 7:10:04 PM EEST","dany2282005",500,money,$,"MemasGelya",500,money,$,"world",4752,43,-7136,
Command,Pay,Player,"Saturday, August 24, 2019 7:43:24 PM EEST","_CJLaDoCTb_",600,money,$,"Sloymoon",600,money,$,"world",7974,67,7899,
Command,Pay,Player,"Sunday, August 25, 2019 11:52:17 AM EEST","MemasGelya",20000,money,$,"dany2282005",20000,money,$,"world",-4904,70,1802,
Command,Pay,Player,"Sunday, August 25, 2019 12:51:53 PM EEST","Sloymoon",12305,money,$,"KitKitRed",12305,money,$,"world",-5587,20,-680,
Command,Pay,Player,"Sunday, August 25, 2019 1:02:39 PM EEST","KitKitRed",12305,money,$,"FluxGrief",12305,money,$,"world",-5587,20,-682,
Command,Pay,Player,"Sunday, August 25, 2019 1:25:46 PM EEST","spayder12345",5000,money,$,"dany2282005",5000,money,$,"world",-1702,67,6406,
Command,Pay,Player,"Sunday, August 25, 2019 7:05:46 PM EEST","turikhnax",500,money,$,"dav123",500,money,$,"world",-81,32,5239,
Command,Pay,Player,"Sunday, August 25, 2019 7:48:54 PM EEST","turikhnax",1500,money,$,"Artiko123",1500,money,$,"world",-5360,72,5797,
Command,Pay,Player,"Sunday, August 25, 2019 7:48:56 PM EEST","turikhnax",1500,money,$,"Artiko123",1500,money,$,"world",-5360,72,5797,
Command,Pay,Player,"Sunday, August 25, 2019 8:12:10 PM EEST","FluxGrief",10000,money,$,"PvP_ToPeR_PvP",10000,money,$,"world",-3508,70,-5785,
Command,Pay,Player,"Monday, August 26, 2019 2:11:05 PM EEST","dany2282005",36000,money,$,"Artiko123",36000,money,$,"world",-5088,67,1478,
Command,Pay,Player,"Tuesday, August 27, 2019 11:42:11 AM EEST","kkola",1000,money,$,"YT_Diper_YT",1000,money,$,"world",-741,68,6606,
Command,Pay,Player,"Tuesday, August 27, 2019 11:55:47 AM EEST","YT_Diper_YT",1500,money,$,"MemasGelya",1500,money,$,"world_nether",-679,38,-309,
Command,Pay,Player,"Tuesday, August 27, 2019 2:29:24 PM EEST","CnugKy6ep",36000,money,$,"dany2282005",36000,money,$,"world",4759,43,-7126,
Command,Pay,Player,"Tuesday, August 27, 2019 2:37:08 PM EEST","dany2282005",3000,money,$,"ItzSmiLe",3000,money,$,"world",-7688,69,5375,
Command,Pay,Player,"Tuesday, August 27, 2019 2:41:34 PM EEST","ItzSmiLe",8362,money,$,"dany2282005",8362,money,$,"world",-7647,47,5374,
Command,Pay,Player,"Tuesday, August 27, 2019 2:42:05 PM EEST","Frenoq",2612,money,$,"dany2282005",2612,money,$,"world",-5065,150,1487,
Command,Pay,Player,"Tuesday, August 27, 2019 2:43:18 PM EEST","ItzSmiLe",1000,money,$,"M3tty",1000,money,$,"world",-7590,38,5388,
Command,Pay,Player,"Tuesday, August 27, 2019 5:31:32 PM EEST","WerTual",5000,money,$,"HoldiSs",5000,money,$,"world",80,79,-4067,
Command,Pay,Player,"Tuesday, August 27, 2019 6:21:00 PM EEST","Barbalduh",1980,money,$,"Pro3eblo2k19",1980,money,$,"world",-4542,23,7155,
Command,Pay,Player,"Tuesday, August 27, 2019 7:03:05 PM EEST","Artiko123",15000,money,$,"dany2282005",15000,money,$,"world",-3714,81,3057,
Command,Pay,Player,"Tuesday, August 27, 2019 7:04:52 PM EEST","dany2282005",13945,money,$,"HRLLIKA",13945,money,$,"world_nether",-513,6,-546,
Command,Pay,Player,"Tuesday, August 27, 2019 7:05:04 PM EEST","dany2282005",20000,money,$,"HRLLIKA",20000,money,$,"world_nether",-506,6,-546,
Command,Pay,Player,"Tuesday, August 27, 2019 7:05:22 PM EEST","dany2282005",1000,money,$,"HRLLIKA",1000,money,$,"world_nether",-503,6,-548,
Command,Pay,Player,"Tuesday, August 27, 2019 7:05:27 PM EEST","dany2282005",1000,money,$,"HRLLIKA",1000,money,$,"world_nether",-503,6,-546,
Command,Pay,Player,"Tuesday, August 27, 2019 7:05:27 PM EEST","dany2282005",1000,money,$,"HRLLIKA",1000,money,$,"world_nether",-503,6,-546,
Command,Pay,Player,"Tuesday, August 27, 2019 7:05:28 PM EEST","dany2282005",1000,money,$,"HRLLIKA",1000,money,$,"world_nether",-503,6,-546,
Command,Pay,Player,"Tuesday, August 27, 2019 7:05:28 PM EEST","dany2282005",1000,money,$,"HRLLIKA",1000,money,$,"world_nether",-503,6,-546,
Command,Pay,Player,"Tuesday, August 27, 2019 7:05:29 PM EEST","dany2282005",1000,money,$,"HRLLIKA",1000,money,$,"world_nether",-503,6,-546,
Command,Pay,Player,"Tuesday, August 27, 2019 7:05:38 PM EEST","dany2282005",1000,money,$,"HRLLIKA",1000,money,$,"world_nether",-499,6,-548,
Command,Pay,Player,"Tuesday, August 27, 2019 7:05:38 PM EEST","dany2282005",1000,money,$,"HRLLIKA",1000,money,$,"world_nether",-499,6,-548,
Command,Pay,Player,"Tuesday, August 27, 2019 7:05:39 PM EEST","dany2282005",1000,money,$,"HRLLIKA",1000,money,$,"world_nether",-499,6,-548,
Command,Pay,Player,"Tuesday, August 27, 2019 7:05:47 PM EEST","dany2282005",1000,money,$,"HRLLIKA",1000,money,$,"world_nether",-495,6,-546,
Command,Pay,Player,"Tuesday, August 27, 2019 7:34:49 PM EEST","Frenoq",1001,money,$,"dany2282005",1001,money,$,"world_the_end",7180,79,6824,
Command,Pay,Player,"Tuesday, August 27, 2019 9:32:19 PM EEST","Artiko123",5000,money,$,"turikhnax",5000,money,$,"world",-5093,149,1459,
Command,Pay,Player,"Tuesday, August 27, 2019 9:33:53 PM EEST","turikhnax",1000,money,$,"Artiko123",1000,money,$,"world",-5032,122,1477,
Command,Pay,Player,"Tuesday, August 27, 2019 9:35:04 PM EEST","turikhnax",1000,money,$,"Artiko123",1000,money,$,"world",-5032,122,1477,
Command,Pay,Player,"Tuesday, August 27, 2019 10:12:36 PM EEST","PvP_ToPeR_PvP",500,money,$,"HoldiSs",500,money,$,"world",-3699,71,3153,
Command,Pay,Player,"Tuesday, August 27, 2019 10:30:12 PM EEST","UN4Ik",15000,money,$,"HoldiSs",15000,money,$,"world",-3179,89,-7308,
Command,Pay,Player,"Tuesday, August 27, 2019 10:32:23 PM EEST","HoldiSs",15000,money,$,"UN4Ik",15000,money,$,"world",7915,86,7959,
Command,Pay,Player,"Tuesday, August 27, 2019 10:38:54 PM EEST","UN4Ik",99128,money,$,"HoldiSs",99128,money,$,"world",1829,81,4711,
Command,Pay,Player,"Tuesday, August 27, 2019 10:39:26 PM EEST","HoldiSs",99128,money,$,"UN4Ik",99128,money,$,"world",7916,80,7929,
Command,Pay,Player,"Tuesday, August 27, 2019 10:40:16 PM EEST","UN4Ik",5000,money,$,"MemasGelya",5000,money,$,"world",1825,81,4713,
Command,Pay,Player,"Tuesday, August 27, 2019 10:40:27 PM EEST","UN4Ik",5000,money,$,"MemasGelya",5000,money,$,"world",1828,81,4708,
Command,Pay,Player,"Wednesday, August 28, 2019 3:09:55 PM EEST","Donbicon_",6000,money,$,"_XeHuKc_",6000,money,$,"world",-5231,109,1516,
Command,Pay,Player,"Wednesday, August 28, 2019 3:19:03 PM EEST","Donbicon_",6000,money,$,"wggZelmys_",6000,money,$,"world",910,110,-1487,
Command,Pay,Player,"Wednesday, August 28, 2019 3:25:39 PM EEST","Donbicon_",6000,money,$,"dima1052009",6000,money,$,"world",901,108,-1513,
Command,Pay,Player,"Wednesday, August 28, 2019 3:25:50 PM EEST","Donbicon_",6000,money,$,"TORNADO_147_147",6000,money,$,"world",901,108,-1513,
Command,Pay,Player,"Wednesday, August 28, 2019 6:51:26 PM EEST","Donbicon_",5000,money,$,"Matteredz12",5000,money,$,"world",7429,92,-2502,
Command,Pay,Player,"Wednesday, August 28, 2019 7:42:39 PM EEST","Donbicon_",7000,money,$,"_TopBez_",7000,money,$,"world",7457,80,-2511,
Command,Pay,Player,"Wednesday, August 28, 2019 7:44:12 PM EEST","_TopBez_",3000,money,$,"HRLLIKA",3000,money,$,"world",-5062,149,1456,
Command,Pay,Player,"Wednesday, August 28, 2019 8:17:54 PM EEST","MankaGrief",1165,money,$,"HoldiSs",1165,money,$,"world",7640,64,7575,
Command,Pay,Player,"Wednesday, August 28, 2019 9:27:25 PM EEST","HRLLIKA",1000,money,$,"Donbicon_",1000,money,$,"world",2544,59,4595,
Command,Pay,Player,"Wednesday, August 28, 2019 9:27:26 PM EEST","HRLLIKA",1000,money,$,"Donbicon_",1000,money,$,"world",2544,59,4595,
Command,Pay,Player,"Wednesday, August 28, 2019 9:27:27 PM EEST","HRLLIKA",1000,money,$,"Donbicon_",1000,money,$,"world",2544,59,4595,
Command,Pay,Player,"Wednesday, August 28, 2019 9:27:28 PM EEST","HRLLIKA",1000,money,$,"Donbicon_",1000,money,$,"world",2544,59,4595,
Command,Pay,Player,"Wednesday, August 28, 2019 9:27:29 PM EEST","HRLLIKA",1000,money,$,"Donbicon_",1000,money,$,"world",2544,59,4595,
Command,Pay,Player,"Wednesday, August 28, 2019 9:27:29 PM EEST","HRLLIKA",1000,money,$,"Donbicon_",1000,money,$,"world",2544,59,4595,
Command,Pay,Player,"Wednesday, August 28, 2019 9:27:30 PM EEST","HRLLIKA",1000,money,$,"Donbicon_",1000,money,$,"world",2544,59,4595,
Command,Pay,Player,"Wednesday, August 28, 2019 9:27:31 PM EEST","HRLLIKA",1000,money,$,"Donbicon_",1000,money,$,"world",2544,59,4595,
Command,Pay,Player,"Wednesday, August 28, 2019 9:27:32 PM EEST","HRLLIKA",1000,money,$,"Donbicon_",1000,money,$,"world",2544,59,4595,
Command,Pay,Player,"Wednesday, August 28, 2019 9:27:32 PM EEST","HRLLIKA",1000,money,$,"Donbicon_",1000,money,$,"world",2544,59,4595,
Command,Pay,Player,"Wednesday, August 28, 2019 9:27:33 PM EEST","HRLLIKA",1000,money,$,"Donbicon_",1000,money,$,"world",2544,59,4595,
Command,Pay,Player,"Wednesday, August 28, 2019 9:27:34 PM EEST","HRLLIKA",1000,money,$,"Donbicon_",1000,money,$,"world",2544,59,4595,
Command,Pay,Player,"Wednesday, August 28, 2019 9:27:35 PM EEST","HRLLIKA",1000,money,$,"Donbicon_",1000,money,$,"world",2544,59,4595,
Command,Pay,Player,"Wednesday, August 28, 2019 9:27:35 PM EEST","HRLLIKA",1000,money,$,"Donbicon_",1000,money,$,"world",2544,59,4595,
Command,Pay,Player,"Wednesday, August 28, 2019 9:27:37 PM EEST","HRLLIKA",1000,money,$,"Donbicon_",1000,money,$,"world",2544,59,4594,
Command,Pay,Player,"Wednesday, August 28, 2019 9:27:38 PM EEST","HRLLIKA",1000,money,$,"Donbicon_",1000,money,$,"world",2544,59,4594,
Command,Pay,Player,"Wednesday, August 28, 2019 9:27:39 PM EEST","HRLLIKA",1000,money,$,"Donbicon_",1000,money,$,"world",2544,59,4594,
Command,Pay,Player,"Wednesday, August 28, 2019 9:27:43 PM EEST","HRLLIKA",3000,money,$,"Donbicon_",3000,money,$,"world",2544,59,4594,
Command,Pay,Player,"Wednesday, August 28, 2019 9:27:43 PM EEST","HRLLIKA",3000,money,$,"Donbicon_",3000,money,$,"world",2544,59,4594,
Command,Pay,Player,"Wednesday, August 28, 2019 9:27:44 PM EEST","HRLLIKA",3000,money,$,"Donbicon_",3000,money,$,"world",2544,59,4594,
Command,Pay,Player,"Wednesday, August 28, 2019 9:27:45 PM EEST","HRLLIKA",3000,money,$,"Donbicon_",3000,money,$,"world",2544,59,4594,
Command,Pay,Player,"Wednesday, August 28, 2019 9:27:46 PM EEST","HRLLIKA",3000,money,$,"Donbicon_",3000,money,$,"world",2544,59,4594,
Command,Pay,Player,"Wednesday, August 28, 2019 9:27:47 PM EEST","HRLLIKA",3000,money,$,"Donbicon_",3000,money,$,"world",2544,59,4594,
Command,Pay,Player,"Wednesday, August 28, 2019 9:27:48 PM EEST","HRLLIKA",3000,money,$,"Donbicon_",3000,money,$,"world",2544,59,4594,
Command,Pay,Player,"Wednesday, August 28, 2019 9:27:49 PM EEST","HRLLIKA",3000,money,$,"Donbicon_",3000,money,$,"world",2544,59,4594,
Command,Pay,Player,"Wednesday, August 28, 2019 9:27:50 PM EEST","HRLLIKA",3000,money,$,"Donbicon_",3000,money,$,"world",2544,59,4594,
Command,Pay,Player,"Wednesday, August 28, 2019 9:27:51 PM EEST","HRLLIKA",3000,money,$,"Donbicon_",3000,money,$,"world",2544,59,4594,
Command,Pay,Player,"Wednesday, August 28, 2019 9:27:52 PM EEST","HRLLIKA",3000,money,$,"Donbicon_",3000,money,$,"world",2544,59,4594,
Command,Pay,Player,"Wednesday, August 28, 2019 9:27:53 PM EEST","HRLLIKA",3000,money,$,"Donbicon_",3000,money,$,"world",2544,59,4594,
Command,Pay,Player,"Wednesday, August 28, 2019 9:27:54 PM EEST","HRLLIKA",1000,money,$,"Donbicon_",1000,money,$,"world",2544,59,4594,
Command,Pay,Player,"Wednesday, August 28, 2019 9:30:19 PM EEST","Donbicon_",50000,money,$,"HRLLIKA",50000,money,$,"world",-5036,149,1457,
Command,Pay,Player,"Friday, August 30, 2019 7:42:37 AM EEST","CnugKy6ep",954,money,$,"MaksUCU",954,money,$,"world",4792,73,701,
Command,Pay,Player,"Friday, August 30, 2019 3:10:46 PM EEST","_CJLaDoCTb_",564,money,$,"Dep3kiu_TpoJlb",564,money,$,"world",-5073,148,1454,
Command,Pay,Player,"Saturday, August 31, 2019 3:07:46 PM EEST","ZloyTuke",720,money,$,"Dep3kiu_TpoJlb",720,money,$,"world",1515,68,2360,
Command,Pay,Player,"Saturday, August 31, 2019 8:31:27 PM EEST","Artiko123",50000,money,$,"MemasGelya",50000,money,$,"world",-4992,71,1481,
Command,Pay,Player,"Saturday, August 31, 2019 8:31:44 PM EEST","Artiko123",50000,money,$,"M3tty",50000,money,$,"world",-4991,70,1485,
Command,Pay,Player,"Saturday, August 31, 2019 8:34:49 PM EEST","Artiko123",50000,money,$,"MemasGelya",50000,money,$,"world",-5042,64,1564,
Command,Pay,Player,"Sunday, September 1, 2019 9:26:49 AM EEST","_CJLaDoCTb_",785,money,$,"Artiko123",785,money,$,"world",-4992,67,1502,
Command,Pay,Player,"Sunday, September 1, 2019 10:01:14 AM EEST","_CJLaDoCTb_",513,money,$,"Artiko123",513,money,$,"world",-5044,44,1517,
Command,Pay,Player,"Sunday, September 1, 2019 10:01:32 AM EEST","Artiko123",1000,money,$,"_CJLaDoCTb_",1000,money,$,"world",-5370,71,5803,
Command,Pay,Player,"Sunday, September 1, 2019 10:01:55 AM EEST","_CJLaDoCTb_",11000,money,$,"Dep3kiu_TpoJlb",11000,money,$,"world",-5033,45,1535,
Command,Pay,Player,"Sunday, September 1, 2019 10:02:14 AM EEST","Dep3kiu_TpoJlb",11000,money,$,"_CJLaDoCTb_",11000,money,$,"world",-5041,76,1564,
Command,Pay,Player,"Sunday, September 1, 2019 10:23:58 AM EEST","Dep3kiu_TpoJlb",3500,money,$,"Artiko123",3500,money,$,"world",-4962,63,1533,
Command,Pay,Player,"Sunday, September 1, 2019 10:35:11 AM EEST","Dep3kiu_TpoJlb",7000,money,$,"velvet",7000,money,$,"world",-5039,76,1567,
Command,Pay,Player,"Sunday, September 1, 2019 12:28:39 PM EEST","_CJLaDoCTb_",12000,money,$,"M3tty",12000,money,$,"world",-89,32,5235,
Command,Pay,Player,"Sunday, September 1, 2019 12:28:50 PM EEST","M3tty",12000,money,$,"_CJLaDoCTb_",12000,money,$,"world",-85,32,5235,
Command,Pay,Player,"Sunday, September 1, 2019 12:28:59 PM EEST","M3tty",12000,money,$,"_CJLaDoCTb_",12000,money,$,"world",-84,32,5235,
Command,Pay,Player,"Sunday, September 1, 2019 12:29:28 PM EEST","_CJLaDoCTb_",24000,money,$,"M3tty",24000,money,$,"world",7990,67,7896,
Command,Pay,Player,"Sunday, September 1, 2019 12:29:34 PM EEST","M3tty",12000,money,$,"_CJLaDoCTb_",12000,money,$,"world",-4988,67,1510,
Command,Pay,Player,"Sunday, September 1, 2019 2:38:12 PM EEST","M3tty",54309,money,$,"dav123",54309,money,$,"world",-722,70,6611,
Command,Pay,Player,"Sunday, September 1, 2019 4:44:32 PM EEST","PRO2019",500,money,$,"_CJLaDoCTb_",500,money,$,"world",-1437,83,5563,
Command,Pay,Player,"Sunday, September 1, 2019 5:03:14 PM EEST","MemasGelya",50000,money,$,"turikhnax",50000,money,$,"world",-4899,69,1810,
Command,Pay,Player,"Tuesday, September 3, 2019 4:37:47 PM EEST","_CJLaDoCTb_",4000,money,$,"turikhnax",4000,money,$,"world_nether",-334,6,205,
Command,Pay,Player,"Saturday, September 14, 2019 3:48:30 PM CEST","Matteredz12",1000,money,$,"GoHIIIuK",1000,money,$,"world",-3500,74,-1545,
Command,Pay,Player,"Saturday, September 28, 2019 1:29:07 PM CEST","Artiko123",510,money,$,"turikhnax",510,money,$,"world",-204,72,-1010,
